This is pdfeTeX, Version 3.141592-1.21a-2.2 (Web2C 7.5.4) (format=pdflatex 2013.10.8)  10 JAN 2017 15:03
entering extended mode
**ch3.tex
(./ch3.tex
LaTeX2e <2003/12/01>
Babel <v3.8d> and hyphenation patterns for american, french, german, ngerman, b
ahasa, basque, bulgarian, catalan, croatian, czech, danish, dutch, esperanto, e
stonian, finnish, greek, icelandic, irish, italian, latin, magyar, norsk, polis
h, portuges, romanian, russian, serbian, slovak, slovene, spanish, swedish, tur
kish, ukrainian, nohyphenation, loaded.
(/usr/share/texmf/tex/latex/base/report.cls
Document Class: report 2004/02/16 v1.4f Standard LaTeX document class
(/usr/share/texmf/tex/latex/base/size11.clo
File: size11.clo 2004/02/16 v1.4f Standard LaTeX file (size option)
)
\c@part=\count79
\c@chapter=\count80
\c@section=\count81
\c@subsection=\count82
\c@subsubsection=\count83
\c@paragraph=\count84
\c@subparagraph=\count85
\c@figure=\count86
\c@table=\count87
\abovecaptionskip=\skip41
\belowcaptionskip=\skip42
\bibindent=\dimen102
)
(/usr/share/texmf/tex/latex/url/url.sty
\Urlmuskip=\muskip10
Package: url 2004/03/15  ver 3.1  Verb mode for urls, etc.
)
(/usr/share/texmf/tex/latex/natbib/natbib.sty
Package: natbib 2003/06/06 7.1 (PWD)
\bibhang=\skip43
\bibsep=\skip44
LaTeX Info: Redefining \cite on input line 518.
\c@NAT@ctr=\count88
)
(/usr/share/texmf/tex/latex/amsfonts/amssymb.sty
Package: amssymb 2002/01/22 v2.2d

(/usr/share/texmf/tex/latex/amsfonts/amsfonts.sty
Package: amsfonts 2001/10/25 v2.2f
\@emptytoks=\toks14
\symAMSa=\mathgroup4
\symAMSb=\mathgroup5
LaTeX Font Info:    Overwriting math alphabet `\mathfrak' in version `bold'
(Font)                  U/euf/m/n --> U/euf/b/n on input line 132.
))
(/usr/share/texmf/tex/latex/hyperref/hyperref.sty
Package: hyperref 2003/11/30 v6.74m Hypertext links for LaTeX

(/usr/share/texmf/tex/latex/graphics/keyval.sty
Package: keyval 1999/03/16 v1.13 key=value parser (DPC)
\KV@toks@=\toks15
)
\@linkdim=\dimen103
\Hy@linkcounter=\count89
\Hy@pagecounter=\count90

(/usr/share/texmf/tex/latex/hyperref/pd1enc.def
File: pd1enc.def 2003/11/30 v6.74m Hyperref: PDFDocEncoding definition (HO)
)
(/usr/share/texmf/tex/latex/hyperref/hyperref.cfg
File: hyperref.cfg 2002/06/06 v1.2 hyperref configuration of TeXLive and teTeX
)
Package hyperref Info: Hyper figures OFF on input line 1880.
Package hyperref Info: Link nesting OFF on input line 1885.
Package hyperref Info: Hyper index ON on input line 1888.
Package hyperref Info: Plain pages ON on input line 1893.
Package hyperref Info: Backreferencing OFF on input line 1900.

Implicit mode ON; LaTeX internals redefined
Package hyperref Info: Bookmarks ON on input line 2004.
LaTeX Info: Redefining \url on input line 2143.
\Fld@menulength=\count91
\Field@Width=\dimen104
\Fld@charsize=\dimen105
\Choice@toks=\toks16
\Field@toks=\toks17
Package hyperref Info: Hyper figures OFF on input line 2618.
Package hyperref Info: Link nesting OFF on input line 2623.
Package hyperref Info: Hyper index ON on input line 2626.
Package hyperref Info: backreferencing OFF on input line 2633.
Package hyperref Info: Link coloring OFF on input line 2638.
\c@Item=\count92
\c@Hfootnote=\count93
)
*hyperref using default driver hpdftex*
(/usr/share/texmf/tex/latex/hyperref/hpdftex.def
File: hpdftex.def 2003/11/30 v6.74m Hyperref driver for pdfTeX

(/usr/share/texmf/tex/latex/psnfss/pifont.sty
Package: pifont 2004/09/15 PSNFSS-v9.2 Pi font support (SPQR) 
LaTeX Font Info:    Try loading font information for U+pzd on input line 63.

(/usr/share/texmf/tex/latex/psnfss/upzd.fd
File: upzd.fd 2001/06/04 font definitions for U/pzd.
)
LaTeX Font Info:    Try loading font information for U+psy on input line 64.

(/usr/share/texmf/tex/latex/psnfss/upsy.fd
File: upsy.fd 2001/06/04 font definitions for U/psy.
))
\Fld@listcount=\count94
\@outlinefile=\write3
)
(/usr/share/texmf/tex/latex/graphics/graphicx.sty
Package: graphicx 1999/02/16 v1.0f Enhanced LaTeX Graphics (DPC,SPQR)

(/usr/share/texmf/tex/latex/graphics/graphics.sty
Package: graphics 2001/07/07 v1.0n Standard LaTeX Graphics (DPC,SPQR)

(/usr/share/texmf/tex/latex/graphics/trig.sty
Package: trig 1999/03/16 v1.09 sin cos tan (DPC)
)
(/usr/share/texmf/tex/latex/graphics/graphics.cfg
File: graphics.cfg 2005/02/03 v1.3 graphics configuration of teTeX/TeXLive
)
Package graphics Info: Driver file: pdftex.def on input line 80.

(/usr/share/texmf/tex/latex/graphics/pdftex.def
File: pdftex.def 2002/06/19 v0.03k graphics/color for pdftex
\Gread@gobject=\count95
))
\Gin@req@height=\dimen106
\Gin@req@width=\dimen107
)
(/usr/share/texmf/tex/latex/wrapfig/wrapfig.sty
\wrapoverhang=\dimen108
\WF@size=\dimen109
\c@WF@wrappedlines=\count96
\WF@box=\box26
\WF@everypar=\toks18
Package: wrapfig 2003/01/31  v 3.6
)
(/usr/share/texmf/tex/latex/setspace/setspace.sty
Package: setspace 2000/12/01 6.7 Contributed and Supported LaTeX2e package

Package: `setspace' 6.7 <2000/12/01>
) (/usr/share/texmf/tex/latex/multirow/multirow.sty
\bigstrutjot=\dimen110
)
(/usr/share/texmf/tex/latex/booktabs/booktabs.sty
Package: booktabs 2003/03/28 v1.618 publication quality tables
\heavyrulewidth=\dimen111
\lightrulewidth=\dimen112
\cmidrulewidth=\dimen113
\belowrulesep=\dimen114
\belowbottomsep=\dimen115
\aboverulesep=\dimen116
\abovetopsep=\dimen117
\cmidrulesep=\dimen118
\cmidrulekern=\dimen119
\defaultaddspace=\dimen120
\@cmidla=\count97
\@cmidlb=\count98
\@aboverulesep=\dimen121
\@belowrulesep=\dimen122
\@thisruleclass=\count99
\@lastruleclass=\count100
\@thisrulewidth=\dimen123
)
(/usr/share/texmf/tex/latex/subfig/subfig.sty
Package: subfig 2004/01/28 ver: 1.2 subfig package

(/usr/share/texmf/tex/latex/caption/caption.sty
Package: caption 2006/01/12 v3.0i Customising captions (AR)

(/usr/share/texmf/tex/latex/caption/caption3.sty
Package: caption3 2006/01/12 v3.0i caption3 kernel (AR)
\captionmargin=\dimen124
\captionmarginx=\dimen125
\captionwidth=\dimen126
\captionindent=\dimen127
\captionparindent=\dimen128
\captionhangindent=\dimen129
)
Package caption Info: hyperref package v6.74m (or newer) detected on input line
 292.
)
\c@KVtest=\count101
\sf@farskip=\skip45
\sf@captopadj=\dimen130
\sf@capskip=\skip46
\sf@nearskip=\skip47
\c@subfigure=\count102
\c@subfigure@save=\count103
\c@lofdepth=\count104
\c@subtable=\count105
\c@subtable@save=\count106
\c@lotdepth=\count107
\sf@top=\skip48
\sf@bottom=\skip49
)
(/usr/share/texmf/tex/latex/tools/array.sty
Package: array 2003/12/17 v2.4a Tabular extension package (FMi)
\col@sep=\dimen131
\extrarowheight=\dimen132
\NC@list=\toks19
\extratabsurround=\skip50
\backup@length=\skip51
)
(/usr/share/texmf/tex/latex/tools/calc.sty
Package: calc 1998/07/07 v4.1b Infix arithmetic (KKT,FJ)
\calc@Acount=\count108
\calc@Bcount=\count109
\calc@Adimen=\dimen133
\calc@Bdimen=\dimen134
\calc@Askip=\skip52
\calc@Bskip=\skip53
LaTeX Info: Redefining \setlength on input line 59.
LaTeX Info: Redefining \addtolength on input line 60.
\calc@denominator=\count110
)
(/usr/share/texmf/tex/latex/fancyhdr/fancyhdr.sty
\fancy@headwidth=\skip54
\f@ncyO@elh=\skip55
\f@ncyO@erh=\skip56
\f@ncyO@olh=\skip57
\f@ncyO@orh=\skip58
\f@ncyO@elf=\skip59
\f@ncyO@erf=\skip60
\f@ncyO@olf=\skip61
\f@ncyO@orf=\skip62
)
(/usr/share/texmf/tex/latex/graphics/color.sty
Package: color 1999/02/16 v1.0i Standard LaTeX Color (DPC)

(/usr/share/texmf/tex/latex/graphics/color.cfg
File: color.cfg 2005/02/03 v1.3 color configuration of teTeX/TeXLive
)
Package color Info: Driver file: pdftex.def on input line 125.
)
(/usr/share/texmf/tex/latex/base/fixltx2e.sty
Package: fixltx2e 2004/02/13 v1.1h fixes to LaTeX
LaTeX Info: Redefining \@fnsymbol on input line 371.
LaTeX Info: Redefining \em on input line 403.
)

! LaTeX Error: Option clash for package natbib.

See the LaTeX manual or LaTeX Companion for explanation.
Type  H <return>  for immediate help.
 ...                                              
                                                  
l.10 \usepackage
                {xr}                 % reference anothe chapter
The package natbib has already been loaded with options:
  []
There has now been an attempt to load it with options
  [round]
Adding the global options:
  ,round
to your \documentclass declaration may fix this.
Try typing  <return>  to proceed.

(/usr/share/texmf/tex/latex/tools/xr.sty
Package: xr 1994/05/28 v5.02 eXternal References (DPC)
)
(/usr/share/texmf/tex/latex/appendix/appendix.sty
Package: appendix 2002/08/06 v1.2 extra appendix facilities
\c@@pps=\count111
\c@@ppsavesec=\count112
\c@@ppsaveapp=\count113
)
(/usr/share/texmf/tex/latex/float/float.sty
Package: float 2001/11/08 v1.3d Float enhancements (AL)
\c@float@type=\count114
\float@exts=\toks20
\float@box=\box27
\@float@everytoks=\toks21
\@floatcapt=\box28
)
(/usr/share/texmf/tex/latex/paralist/paralist.sty
Package: paralist 2002/03/18 v2.3b Extended list environments (BS)
\pltopsep=\skip63
\plpartopsep=\skip64
\plitemsep=\skip65
\plparsep=\skip66
\pl@lab=\toks22
)
(/usr/share/texmf/tex/latex/was/gensymb.sty
Package: gensymb 2003/07/02 v1.0 (WaS)
)
(/usr/share/texmf/tex/latex/rotating/rotating.sty
Package: rotating 1997/09/26 v2.13 Rotation package

(/usr/share/texmf/tex/latex/base/ifthen.sty
Package: ifthen 2001/05/26 v1.1c Standard LaTeX ifthen package (DPC)
)
\c@r@tfl@t=\count115
\rot@float@box=\box29
)
(/usr/share/texmf/tex/latex/threeparttable/threeparttable.sty
Package: threeparttable 2003/06/13  v 3.0
\@tempboxb=\box30
)
(/usr/share/texmf/tex/latex/amsmath/amsmath.sty
Package: amsmath 2000/07/18 v2.13 AMS math features
\@mathmargin=\skip67

For additional information on amsmath, use the `?' option.
(/usr/share/texmf/tex/latex/amsmath/amstext.sty
Package: amstext 2000/06/29 v2.01

(/usr/share/texmf/tex/latex/amsmath/amsgen.sty
File: amsgen.sty 1999/11/30 v2.0
\@emptytoks=\toks23
\ex@=\dimen135
))
(/usr/share/texmf/tex/latex/amsmath/amsbsy.sty
Package: amsbsy 1999/11/29 v1.2d
\pmbraise@=\dimen136
)
(/usr/share/texmf/tex/latex/amsmath/amsopn.sty
Package: amsopn 1999/12/14 v2.01 operator names
)
\inf@bad=\count116
LaTeX Info: Redefining \frac on input line 211.
\uproot@=\count117
\leftroot@=\count118
LaTeX Info: Redefining \overline on input line 307.
\classnum@=\count119
\DOTSCASE@=\count120
LaTeX Info: Redefining \ldots on input line 379.
LaTeX Info: Redefining \dots on input line 382.
LaTeX Info: Redefining \cdots on input line 467.
\Mathstrutbox@=\box31
\strutbox@=\box32
\big@size=\dimen137
LaTeX Font Info:    Redeclaring font encoding OML on input line 567.
LaTeX Font Info:    Redeclaring font encoding OMS on input line 568.
\macc@depth=\count121
\c@MaxMatrixCols=\count122
\dotsspace@=\muskip11
\c@parentequation=\count123
\dspbrk@lvl=\count124
\tag@help=\toks24
\row@=\count125
\column@=\count126
\maxfields@=\count127
\andhelp@=\toks25
\eqnshift@=\dimen138
\alignsep@=\dimen139
\tagshift@=\dimen140
\tagwidth@=\dimen141
\totwidth@=\dimen142
\lineht@=\dimen143
\@envbody=\toks26
\multlinegap=\skip68
\multlinetaggap=\skip69
\mathdisplay@stack=\toks27
LaTeX Info: Redefining \[ on input line 2666.
LaTeX Info: Redefining \] on input line 2667.
)
\rulewidth=\skip70
 (./ch3.aux)
\openout1 = `ch3.aux'.

LaTeX Font Info:    Checking defaults for OML/cmm/m/it on input line 65.
LaTeX Font Info:    ... okay on input line 65.
LaTeX Font Info:    Checking defaults for T1/cmr/m/n on input line 65.
LaTeX Font Info:    ... okay on input line 65.
LaTeX Font Info:    Checking defaults for OT1/cmr/m/n on input line 65.
LaTeX Font Info:    ... okay on input line 65.
LaTeX Font Info:    Checking defaults for OMS/cmsy/m/n on input line 65.
LaTeX Font Info:    ... okay on input line 65.
LaTeX Font Info:    Checking defaults for OMX/cmex/m/n on input line 65.
LaTeX Font Info:    ... okay on input line 65.
LaTeX Font Info:    Checking defaults for U/cmr/m/n on input line 65.
LaTeX Font Info:    ... okay on input line 65.
LaTeX Font Info:    Checking defaults for PD1/pdf/m/n on input line 65.
LaTeX Font Info:    ... okay on input line 65.
Package hyperref Info: Link coloring OFF on input line 65.

(/usr/share/texmf/tex/latex/hyperref/nameref.sty
Package: nameref 2003/12/03 v2.21 Cross-referencing by name of section
\c@section@level=\count128
)
LaTeX Info: Redefining \ref on input line 65.
LaTeX Info: Redefining \pageref on input line 65.
 (./ch3.out) (./ch3.out)
\openout3 = `ch3.out'.


(/usr/share/texmf/tex/context/base/supp-pdf.tex
(/usr/share/texmf/tex/context/base/supp-mis.tex
loading : Context Support Macros / Miscellaneous (2004.10.26)
\protectiondepth=\count129
\scratchcounter=\count130
\scratchtoks=\toks28
\scratchdimen=\dimen144
\scratchskip=\skip71
\scratchmuskip=\muskip12
\scratchbox=\box33
\scratchread=\read1
\scratchwrite=\write4
\zeropoint=\dimen145
\onepoint=\dimen146
\onebasepoint=\dimen147
\minusone=\count131
\thousandpoint=\dimen148
\onerealpoint=\dimen149
\emptytoks=\toks29
\nextbox=\box34
\nextdepth=\dimen150
\everyline=\toks30
\!!counta=\count132
\!!countb=\count133
\recursecounter=\count134
)
loading : Context Support Macros / PDF (2004.03.26)
\nofMPsegments=\count135
\nofMParguments=\count136
\MPscratchCnt=\count137
\MPscratchDim=\dimen151
\MPnumerator=\count138
\everyMPtoPDFconversion=\toks31
) (/usr/share/texmf/tex/latex/ms/ragged2e.sty
Package: ragged2e 2003/03/25 v2.04 ragged2e Package (MS)

(/usr/share/texmf/tex/latex/ms/everysel.sty
Package: everysel 1999/06/08 v1.03 EverySelectfont Package (MS)
LaTeX Info: Redefining \selectfont on input line 125.
)
\CenteringLeftskip=\skip72
\RaggedLeftLeftskip=\skip73
\RaggedRightLeftskip=\skip74
\CenteringRightskip=\skip75
\RaggedLeftRightskip=\skip76
\RaggedRightRightskip=\skip77
\CenteringParfillskip=\skip78
\RaggedLeftParfillskip=\skip79
\RaggedRightParfillskip=\skip80
\JustifyingParfillskip=\skip81
\CenteringParindent=\skip82
\RaggedLeftParindent=\skip83
\RaggedRightParindent=\skip84
\JustifyingParindent=\skip85
)
Package caption Info: float package v1.3 (or newer) detected on input line 65.
Package caption Info: rotating package v2.0 (or newer) detected on input line 6
5.
LaTeX Info: Redefining \celsius on input line 65.
Package gensymb Info: Faking symbols for \degree and \celsius on input line 65.



Package gensymb Warning: Not defining \perthousand.

LaTeX Info: Redefining \ohm on input line 65.
Package gensymb Info: Using \Omega for \ohm on input line 65.

Package gensymb Warning: Not defining \micro.

LaTeX Font Info:    Try loading font information for U+msa on input line 67.
(/usr/share/texmf/tex/latex/amsfonts/umsa.fd
File: umsa.fd 2002/01/19 v2.2g AMS font definitions
)
LaTeX Font Info:    Try loading font information for U+msb on input line 67.

(/usr/share/texmf/tex/latex/amsfonts/umsb.fd
File: umsb.fd 2002/01/19 v2.2g AMS font definitions
) [1

{/usr/share/texmf-var/fonts/map/pdftex/updmap/pdftex.map}]
Chapter 3.

Package natbib Warning: Citation `Dickinson1983' on page 1 undefined on input l
ine 78.


Package natbib Warning: Citation `Sellers1985' on page 1 undefined on input lin
e 78.


Package natbib Warning: Citation `Sellers1985' on page 1 undefined on input lin
e 86.

! pdfTeX warning (ext4): destination with the same identifier (name{page.1}) ha
s been already used, duplicate ignored
<to be read again> 
                   \penalty 
l.87 
      [1

]

Package natbib Warning: Citation `Walters2014' on page 2 undefined on input lin
e 88.


Package natbib Warning: Citation `Cox1999' on page 2 undefined on input line 88
.


Package natbib Warning: Citation `Cox2001' on page 2 undefined on input line 88
.


Package natbib Warning: Citation `Best2011' on page 2 undefined on input line 8
8.


Package natbib Warning: Citation `Clark2011' on page 2 undefined on input line 
88.


Package natbib Warning: Citation `yang2003' on page 2 undefined on input line 9
7.


Package natbib Warning: Citation `loew2014' on page 2 undefined on input line 9
7.


Package natbib Warning: Citation `loew2014' on page 2 undefined on input line 9
7.


Package Fancyhdr Warning: \headheight is too small (12.0pt): 
 Make it at least 13.59999pt.
 We now make it that large for the rest of the document.
 This may cause the page layout to be inconsistent, however.

[2]

Package natbib Warning: Citation `loew2014' on page 3 undefined on input line 1
05.


</home/mn811042/Thesis/chapter4/figures/Sec_4.2/figure1_pgap_fveg_funder_loew.p
ng, id=153, 711.4078pt x 523.9575pt>
File: /home/mn811042/Thesis/chapter4/figures/Sec_4.2/figure1_pgap_fveg_funder_l
oew.png Graphic file (type png)

<use /home/mn811042/Thesis/chapter4/figures/Sec_4.2/figure1_pgap_fveg_funder_lo
ew.png>

Package natbib Warning: Citation `loew2014' on page 3 undefined on input line 1
10.


Package natbib Warning: Citation `loew2014' on page 3 undefined on input line 1
10.


Package natbib Warning: Citation `Clark2011' on page 3 undefined on input line 
114.


Package natbib Warning: Citation `Bonan2002' on page 3 undefined on input line 
114.


Package natbib Warning: Citation `Niu2011' on page 3 undefined on input line 11
4.


Package natbib Warning: Citation `sellers1985' on page 3 undefined on input lin
e 114.


Package Fancyhdr Warning: \headheight is too small (12.0pt): 
 Make it at least 13.59999pt.
 We now make it that large for the rest of the document.
 This may cause the page layout to be inconsistent, however.

[3
! pdfTeX warning (ext4): destination with the same identifier (name{figure.3.1}
) has been already used, duplicate ignored
<to be read again> 
                   \endgroup \set@typeset@protect 
l.118 \end{equation}
                     </home/mn811042/Thesis/chapter4/figures/Sec_4.2/figure1_pg
ap_fveg_funder_loew.png>]

LaTeX Warning: Reference `tab:fveg' on page 4 undefined on input line 128.


Package natbib Warning: Citation `Wang1990' on page 4 undefined on input line 1
31.


Package natbib Warning: Citation `Medlyn2004' on page 4 undefined on input line
 131.


Package natbib Warning: Citation `Medlyn2007' on page 4 undefined on input line
 131.


Package natbib Warning: Citation `Duursma2012' on page 4 undefined on input lin
e 131.


Package natbib Warning: Citation `Wang1990' on page 4 undefined on input line 1
31.


Package natbib Warning: Citation `Norman1979' on page 4 undefined on input line
 131.


Package natbib Warning: Citation `Wang1990' on page 4 undefined on input line 1
31.


Package natbib Warning: Citation `Wang1990' on page 4 undefined on input line 1
31.


Package natbib Warning: Citation `McMurtrie1993' on page 4 undefined on input l
ine 131.


Package natbib Warning: Citation `Wang1998' on page 4 undefined on input line 1
31.


Package natbib Warning: Citation `Luo2001' on page 4 undefined on input line 13
1.


Package Fancyhdr Warning: \headheight is too small (12.0pt): 
 Make it at least 13.59999pt.
 We now make it that large for the rest of the document.
 This may cause the page layout to be inconsistent, however.

[4]

Package natbib Warning: Citation `Li1995' on page 5 undefined on input line 135
.


Package natbib Warning: Citation `Ni1997' on page 5 undefined on input line 135
.


Package natbib Warning: Citation `Widlowski2011' on page 5 undefined on input l
ine 138.


Package natbib Warning: Citation `Govaerts1995' on page 5 undefined on input li
ne 138.


Package natbib Warning: Citation `Govaerts1998' on page 5 undefined on input li
ne 140.


Package natbib Warning: Citation `Widlowski2011' on page 5 undefined on input l
ine 142.


Package Fancyhdr Warning: \headheight is too small (12.0pt): 
 Make it at least 13.59999pt.
 We now make it that large for the rest of the document.
 This may cause the page layout to be inconsistent, however.

[5]

LaTeX Warning: Reference `equation:pgap' on page 6 undefined on input line 149.



! Package array Error:  Illegal pream-token (0.25\textwidth ): `c' used.

See the array package documentation for explanation.
Type  H <return>  for immediate help.
 ...                                              
                                                  
l.156 ...lar}{l{0.25\textwidth} l{0.75\textwidth}}
                                                  
Try typing  <return>  to proceed.
If that doesn't work, type  X <return>  to quit.


! Package array Error:  Illegal pream-token (0.75\textwidth ): `c' used.

See the array package documentation for explanation.
Type  H <return>  for immediate help.
 ...                                              
                                                  
l.156 ...lar}{l{0.25\textwidth} l{0.75\textwidth}}
                                                  
Try typing  <return>  to proceed.
If that doesn't work, type  X <return>  to quit.


Package natbib Warning: Citation `Widlowski2011' on page 6 undefined on input l
ine 181.


Package natbib Warning: Citation `Widlowski2011' on page 6 undefined on input l
ine 181.


Package Fancyhdr Warning: \headheight is too small (12.0pt): 
 Make it at least 13.59999pt.
 We now make it that large for the rest of the document.
 This may cause the page layout to be inconsistent, however.

[6]
</home/mn811042/Thesis/chapter4/figures/rami_lai_050.png, id=190, 602.25pt x 38
4.43625pt>
File: /home/mn811042/Thesis/chapter4/figures/rami_lai_050.png Graphic file (typ
e png)
 <use /home/mn811042/Thesis/chapter4/figures/rami_lai_050.png>
</home/mn811042/Thesis/chapter4/figures/rami_lai_150.png, id=191, 602.25pt x 38
4.43625pt>
File: /home/mn811042/Thesis/chapter4/figures/rami_lai_150.png Graphic file (typ
e png)
 <use /home/mn811042/Thesis/chapter4/figures/rami_lai_150.png>
</home/mn811042/Thesis/chapter4/figures/rami_lai_250.png, id=192, 601.24625pt x
 387.4475pt>
File: /home/mn811042/Thesis/chapter4/figures/rami_lai_250.png Graphic file (typ
e png)
 <use /home/mn811042/Thesis/chapter4/figures/rami_lai_250.png>
Overfull \hbox (15.03442pt too wide) in paragraph at lines 192--197
 [][] 
 []


Package natbib Warning: Citation `Widlowski2011' on page 7 undefined on input l
ine 197.


Package natbib Warning: Citation `Widlowski2011' on page 7 undefined on input l
ine 197.


Package natbib Warning: Citation `Nilson1971' on page 7 undefined on input line
 203.


Package natbib Warning: Citation `Wang1990' on page 7 undefined on input line 2
03.


Package natbib Warning: Citation `Chen1996' on page 7 undefined on input line 2
03.


Package natbib Warning: Citation `Kucharik1999' on page 7 undefined on input li
ne 203.


Package natbib Warning: Citation `Yang2001' on page 7 undefined on input line 2
03.


Package natbib Warning: Citation `yang2003' on page 7 undefined on input line 2
03.


Package natbib Warning: Citation `Jonckheere2004' on page 7 undefined on input 
line 203.


Package natbib Warning: Citation `pinty2006' on page 7 undefined on input line 
203.


Package natbib Warning: Citation `Chen2008' on page 7 undefined on input line 2
03.


Package natbib Warning: Citation `Ni-Meister2010' on page 7 undefined on input 
line 203.


Package natbib Warning: Citation `Widlowski2011' on page 7 undefined on input l
ine 203.


Package natbib Warning: Citation `Kobayashi2012' on page 7 undefined on input l
ine 203.


Package natbib Warning: Citation `Loew2014' on page 7 undefined on input line 2
03.


Package Fancyhdr Warning: \headheight is too small (12.0pt): 
 Make it at least 13.59999pt.
 We now make it that large for the rest of the document.
 This may cause the page layout to be inconsistent, however.

[7
! pdfTeX warning (ext4): destination with the same identifier (name{figure.3.2}
) has been already used, duplicate ignored
<to be read again> 
                   \endgroup \set@typeset@protect 
l.204 
      
! pdfTeX warning (ext4): destination with the same identifier (name{table.3.1})
 has been already used, duplicate ignored
<to be read again> 
                   \endgroup \set@typeset@protect 
l.204 
       </home/mn811042/Thesis/chapter4/figures/rami_lai_050.png> </home/mn81104
2/Thesis/chapter4/figures/rami_lai_150.png> </home/mn811042/Thesis/chapter4/fig
ures/rami_lai_250.png>]

Package natbib Warning: Citation `Ni-Meister2010' on page 8 undefined on input 
line 205.


Package natbib Warning: Citation `Kobayashi2012' on page 8 undefined on input l
ine 205.


Package natbib Warning: Citation `Loew2014' on page 8 undefined on input line 2
05.


Package natbib Warning: Citation `Li1995' on page 8 undefined on input line 207
.


Package natbib Warning: Citation `Wang1990' on page 8 undefined on input line 2
07.


Package natbib Warning: Citation `Duursma2012' on page 8 undefined on input lin
e 207.


Package natbib Warning: Citation `Yang2001' on page 8 undefined on input line 2
07.


Package natbib Warning: Citation `Loew2014' on page 8 undefined on input line 2
07.


Package natbib Warning: Citation `Pinty2004' on page 8 undefined on input line 
209.


Package natbib Warning: Citation `pinty2006' on page 8 undefined on input line 
209.


Package natbib Warning: Citation `pinty2006' on page 8 undefined on input line 
211.


Package natbib Warning: Citation `Nilson1971' on page 8 undefined on input line
 213.


Package natbib Warning: Citation `Norman1974' on page 8 undefined on input line
 213.


Package natbib Warning: Citation `chen1992' on page 8 undefined on input line 2
13.


Package natbib Warning: Citation `Chen1996' on page 8 undefined on input line 2
13.


Package natbib Warning: Citation `Pinty2004' on page 8 undefined on input line 
213.


Package natbib Warning: Citation `pinty2006' on page 8 undefined on input line 
213.


Package Fancyhdr Warning: \headheight is too small (12.0pt): 
 Make it at least 13.59999pt.
 We now make it that large for the rest of the document.
 This may cause the page layout to be inconsistent, however.

[8]

Package natbib Warning: Citation `Kucharik1999' on page 9 undefined on input li
ne 215.


Package natbib Warning: Citation `pinty2006' on page 9 undefined on input line 
215.


Package natbib Warning: Citation `Ni-Meister2010' on page 9 undefined on input 
line 215.


Package natbib Warning: Citation `Widlowski2011' on page 9 undefined on input l
ine 217.

Missing character: There is no Ì in font cmr10!
Missing character: There is no … in font cmr10!

Package natbib Warning: Citation `Norman1975' on page 9 undefined on input line
 241.


Package Fancyhdr Warning: \headheight is too small (12.0pt): 
 Make it at least 13.59999pt.
 We now make it that large for the rest of the document.
 This may cause the page layout to be inconsistent, however.

[9]

LaTeX Warning: Reference `equation:omegabeta' on page 10 undefined on input lin
e 248.


Package natbib Warning: Citation `Dickinson1983' on page 10 undefined on input 
line 271.


Package natbib Warning: Citation `Sellers1985' on page 10 undefined on input li
ne 271.


Package Fancyhdr Warning: \headheight is too small (12.0pt): 
 Make it at least 13.59999pt.
 We now make it that large for the rest of the document.
 This may cause the page layout to be inconsistent, however.

[10]

Package natbib Warning: Citation `Kucharik1999' on page 11 undefined on input l
ine 287.


Package natbib Warning: Citation `Kucharik1997' on page 11 undefined on input l
ine 287.


Package natbib Warning: Citation `Sellers1997' on page 11 undefined on input li
ne 287.


Package Fancyhdr Warning: \headheight is too small (12.0pt): 
 Make it at least 13.59999pt.
 We now make it that large for the rest of the document.
 This may cause the page layout to be inconsistent, however.

[11]

Package natbib Warning: Citation `Kucharik1999' on page 12 undefined on input l
ine 297.


Package natbib Warning: Citation `Kucharik1999' on page 12 undefined on input l
ine 302.


LaTeX Warning: Reference `equation:clumptheta' on page 12 undefined on input li
ne 307.


LaTeX Warning: Reference `equation:clumptheta' on page 12 undefined on input li
ne 307.


LaTeX Warning: Reference `equation:clumptheta' on page 12 undefined on input li
ne 314.


Package Fancyhdr Warning: \headheight is too small (12.0pt): 
 Make it at least 13.59999pt.
 We now make it that large for the rest of the document.
 This may cause the page layout to be inconsistent, however.

[12]

Package natbib Warning: Citation `pinty2006' on page 13 undefined on input line
 319.


Package natbib Warning: Citation `pinty2006' on page 13 undefined on input line
 321.


Package natbib Warning: Citation `Andrieu1993' on page 13 undefined on input li
ne 323.


Package natbib Warning: Citation `Chen1996' on page 13 undefined on input line 
323.


Package natbib Warning: Citation `Kucharik1999' on page 13 undefined on input l
ine 323.


Package natbib Warning: Citation `Leblanc2005' on page 13 undefined on input li
ne 323.


Package natbib Warning: Citation `Ryu2010' on page 13 undefined on input line 3
23.


Package natbib Warning: Citation `Chen1997a' on page 13 undefined on input line
 323.


Package natbib Warning: Citation `Chen1997' on page 13 undefined on input line 
323.


Package natbib Warning: Citation `pinty2006' on page 13 undefined on input line
 323.


Package Fancyhdr Warning: \headheight is too small (12.0pt): 
 Make it at least 13.59999pt.
 We now make it that large for the rest of the document.
 This may cause the page layout to be inconsistent, however.

[13]

Package natbib Warning: Citation `Ni-Meister2010' on page 14 undefined on input
 line 339.


Package natbib Warning: Citation `Li1988' on page 14 undefined on input line 33
9.


Package natbib Warning: Citation `Li1995' on page 14 undefined on input line 34
6.


Package natbib Warning: Citation `Ni-Meister2010' on page 14 undefined on input
 line 350.


Package Fancyhdr Warning: \headheight is too small (12.0pt): 
 Make it at least 13.59999pt.
 We now make it that large for the rest of the document.
 This may cause the page layout to be inconsistent, however.

[14]

Package Fancyhdr Warning: \headheight is too small (12.0pt): 
 Make it at least 13.59999pt.
 We now make it that large for the rest of the document.
 This may cause the page layout to be inconsistent, however.

[15]
No file ch3.bbl.

Package natbib Warning: There were undefined citations.

(./ch3.aux)

LaTeX Warning: There were undefined references.


LaTeX Warning: Label(s) may have changed. Rerun to get cross-references right.

 ) 
Here is how much of TeX's memory you used:
 5443 strings out of 94500
 73596 string characters out of 1176766
 132293 words of memory out of 1000000
 8407 multiletter control sequences out of 10000+50000
 15308 words of font info for 58 fonts, out of 500000 for 2000
 580 hyphenation exceptions out of 1000
 41i,15n,43p,1562b,401s stack positions out of 1500i,500n,5000p,200000b,5000s
PDF statistics:
 269 PDF objects out of 300000
 83 named destinations out of 131072
 237 words of extra memory for PDF output out of 65536

! pdfTeX warning (dest): name{figure.3.5} has been referenced but does not exis
t, replaced by a fixed one

! pdfTeX warning (dest): name{figure.3.4} has been referenced but does not exis
t, replaced by a fixed one

! pdfTeX warning (dest): name{table.3.3} has been referenced but does not exist
, replaced by a fixed one

! pdfTeX warning (dest): name{section.3.8} has been referenced but does not exi
st, replaced by a fixed one

! pdfTeX warning (dest): name{subsection.3.7.3} has been referenced but does no
t exist, replaced by a fixed one

! pdfTeX warning (dest): name{subsection.3.6.5} has been referenced but does no
t exist, replaced by a fixed one

! pdfTeX warning (dest): name{subsection.3.6.4} has been referenced but does no
t exist, replaced by a fixed one

! pdfTeX warning (dest): name{subsection.3.6.3} has been referenced but does no
t exist, replaced by a fixed one

! pdfTeX warning (dest): name{subsection.3.5.4} has been referenced but does no
t exist, replaced by a fixed one

</usr/share/texmf/fonts/type1/bluesky/cm/cmmi7.pfb></usr/share/texmf/fonts/type
1/bluesky/cm/cmr9.pfb></usr/share/texmf/fonts/type1/bluesky/cm/cmti10.pfb></usr
/share/texmf/fonts/type1/bluesky/cm/cmmi8.pfb></usr/share/texmf/fonts/type1/blu
esky/cm/cmex10.pfb></usr/share/texmf/fonts/type1/bluesky/cm/cmsy8.pfb></usr/sha
re/texmf/fonts/type1/bluesky/cm/cmmi10.pfb></usr/share/texmf/fonts/type1/bluesk
y/cm/cmsy10.pfb></usr/share/texmf/fonts/type1/bluesky/cm/cmbx10.pfb></usr/share
/texmf/fonts/type1/bluesky/cm/cmr10.pfb></usr/share/texmf/fonts/type1/bluesky/c
m/cmbx12.pfb></usr/share/texmf/fonts/type1/bluesky/cm/cmr8.pfb></usr/share/texm
f/fonts/type1/bluesky/cm/cmr12.pfb>
Output written on ch3.pdf (16 pages, 501814 bytes).
