\BOOKMARK [0][-]{chapter.4}{Vegetation structure in Radiative Transfer schemes}{}
\BOOKMARK [1][-]{section.4.1}{The effects of different vegetation canopy arrangements on PAR partitioning}{chapter.4}
\BOOKMARK [2][-]{subsection.4.1.1}{Using 3D models to address the impacts of canopy structure on PAR partitioning}{section.4.1}
\BOOKMARK [2][-]{subsection.4.1.2}{`Local' sensitivity analysis of related canopy radiative transfer variables}{section.4.1}
\BOOKMARK [2][-]{subsection.4.1.3}{Can LAI take into account vegetation canopy structural variability?}{section.4.1}
\BOOKMARK [1][-]{section.4.2}{Considering structural effects in 1D radiative transfer treatments: parameterisations}{chapter.4}
\BOOKMARK [2][-]{subsection.4.2.1}{The clumping index by Kucharik et al. \(1999\)}{section.4.2}
\BOOKMARK [2][-]{subsection.4.2.2}{The clumping index by Ni-Meister et al. \(2010\)}{section.4.2}
\BOOKMARK [2][-]{subsection.4.2.3}{The structure factor parameterisation}{section.4.2}
\BOOKMARK [2][-]{subsection.4.2.4}{Minimising the `structure factor'}{section.4.2}
\BOOKMARK [1][-]{section.4.3}{Evaluating structural parameterisations}{chapter.4}
\BOOKMARK [2][-]{subsection.4.3.1}{The RAMI4PILPS}{section.4.3}
\BOOKMARK [2][-]{subsection.4.3.2}{`Clumping indices' vs. 3D model: direct transmissivity}{section.4.3}
\BOOKMARK [2][-]{subsection.4.3.3}{Impacts of the structure factor parameterisation on direct transmissivity}{section.4.3}
\BOOKMARK [2][-]{subsection.4.3.4}{Angular impacts of the structure factor parameters on absorption}{section.4.3}
\BOOKMARK [1][-]{section.4.4}{Evaluating the `Structure Factor' Radiation Partitioning: Zenith Profile}{chapter.4}
\BOOKMARK [2][-]{subsection.4.4.1}{MAESTRA/MAESPA}{section.4.4}
\BOOKMARK [2][-]{subsection.4.4.2}{GORT}{section.4.4}
\BOOKMARK [2][-]{subsection.4.4.3}{Two-Stream: JULES \(the Joint UK Land Environment Simulator\)}{section.4.4}
\BOOKMARK [2][-]{subsection.4.4.4}{Vegetation cover approach}{section.4.4}
\BOOKMARK [2][-]{subsection.4.4.5}{Solar Zenith Angular evaluations}{section.4.4}
\BOOKMARK [2][-]{subsection.4.4.6}{Evaluating the structure factor parameterisation impacts on absorption and reflectance}{section.4.4}
\BOOKMARK [1][-]{section.4.5}{Evaluating the `Structure Factor' Radiation Partitioning: Vertical Profile}{chapter.4}
\BOOKMARK [2][-]{subsection.4.5.1}{Vertical impacts of `structure factor': Black Canopy}{section.4.5}
\BOOKMARK [2][-]{subsection.4.5.2}{Vertical impacts of `structure factor': RAMI4PILPS}{section.4.5}
\BOOKMARK [2][-]{subsection.4.5.3}{Vertical impacts of albedo by the `structure factor'}{section.4.5}
\BOOKMARK [1][-]{section.4.6}{Summary of Findings}{chapter.4}
