This is pdfeTeX, Version 3.141592-1.21a-2.2 (Web2C 7.5.4) (format=pdflatex 2013.10.8)  16 FEB 2017 15:36
entering extended mode
**ch5_v2.tex
(./ch5_v2.tex
LaTeX2e <2003/12/01>
Babel <v3.8d> and hyphenation patterns for american, french, german, ngerman, b
ahasa, basque, bulgarian, catalan, croatian, czech, danish, dutch, esperanto, e
stonian, finnish, greek, icelandic, irish, italian, latin, magyar, norsk, polis
h, portuges, romanian, russian, serbian, slovak, slovene, spanish, swedish, tur
kish, ukrainian, nohyphenation, loaded.
(/usr/share/texmf/tex/latex/base/report.cls
Document Class: report 2004/02/16 v1.4f Standard LaTeX document class
(/usr/share/texmf/tex/latex/base/size11.clo
File: size11.clo 2004/02/16 v1.4f Standard LaTeX file (size option)
)
\c@part=\count79
\c@chapter=\count80
\c@section=\count81
\c@subsection=\count82
\c@subsubsection=\count83
\c@paragraph=\count84
\c@subparagraph=\count85
\c@figure=\count86
\c@table=\count87
\abovecaptionskip=\skip41
\belowcaptionskip=\skip42
\bibindent=\dimen102
)
(/usr/share/texmf/tex/latex/setspace/setspace.sty
Package: setspace 2000/12/01 6.7 Contributed and Supported LaTeX2e package

Package: `setspace' 6.7 <2000/12/01>
) (/usr/share/texmf/tex/latex/url/url.sty
\Urlmuskip=\muskip10
Package: url 2004/03/15  ver 3.1  Verb mode for urls, etc.
)
(/usr/share/texmf/tex/latex/natbib/natbib.sty
Package: natbib 2003/06/06 7.1 (PWD)
\bibhang=\skip43
\bibsep=\skip44
LaTeX Info: Redefining \cite on input line 518.
\c@NAT@ctr=\count88
)
(/usr/share/texmf/tex/latex/amsfonts/amssymb.sty
Package: amssymb 2002/01/22 v2.2d

(/usr/share/texmf/tex/latex/amsfonts/amsfonts.sty
Package: amsfonts 2001/10/25 v2.2f
\@emptytoks=\toks14
\symAMSa=\mathgroup4
\symAMSb=\mathgroup5
LaTeX Font Info:    Overwriting math alphabet `\mathfrak' in version `bold'
(Font)                  U/euf/m/n --> U/euf/b/n on input line 132.
))
(/usr/share/texmf/tex/latex/hyperref/hyperref.sty
Package: hyperref 2003/11/30 v6.74m Hypertext links for LaTeX

(/usr/share/texmf/tex/latex/graphics/keyval.sty
Package: keyval 1999/03/16 v1.13 key=value parser (DPC)
\KV@toks@=\toks15
)
\@linkdim=\dimen103
\Hy@linkcounter=\count89
\Hy@pagecounter=\count90

(/usr/share/texmf/tex/latex/hyperref/pd1enc.def
File: pd1enc.def 2003/11/30 v6.74m Hyperref: PDFDocEncoding definition (HO)
)
(/usr/share/texmf/tex/latex/hyperref/hyperref.cfg
File: hyperref.cfg 2002/06/06 v1.2 hyperref configuration of TeXLive and teTeX
)
Package hyperref Info: Hyper figures OFF on input line 1880.
Package hyperref Info: Link nesting OFF on input line 1885.
Package hyperref Info: Hyper index ON on input line 1888.
Package hyperref Info: Plain pages ON on input line 1893.
Package hyperref Info: Backreferencing OFF on input line 1900.

Implicit mode ON; LaTeX internals redefined
Package hyperref Info: Bookmarks ON on input line 2004.
LaTeX Info: Redefining \url on input line 2143.
\Fld@menulength=\count91
\Field@Width=\dimen104
\Fld@charsize=\dimen105
\Choice@toks=\toks16
\Field@toks=\toks17
Package hyperref Info: Hyper figures OFF on input line 2618.
Package hyperref Info: Link nesting OFF on input line 2623.
Package hyperref Info: Hyper index ON on input line 2626.
Package hyperref Info: backreferencing OFF on input line 2633.
Package hyperref Info: Link coloring OFF on input line 2638.
\c@Item=\count92
\c@Hfootnote=\count93
)
*hyperref using default driver hpdftex*
(/usr/share/texmf/tex/latex/hyperref/hpdftex.def
File: hpdftex.def 2003/11/30 v6.74m Hyperref driver for pdfTeX

(/usr/share/texmf/tex/latex/psnfss/pifont.sty
Package: pifont 2004/09/15 PSNFSS-v9.2 Pi font support (SPQR) 
LaTeX Font Info:    Try loading font information for U+pzd on input line 63.

(/usr/share/texmf/tex/latex/psnfss/upzd.fd
File: upzd.fd 2001/06/04 font definitions for U/pzd.
)
LaTeX Font Info:    Try loading font information for U+psy on input line 64.

(/usr/share/texmf/tex/latex/psnfss/upsy.fd
File: upsy.fd 2001/06/04 font definitions for U/psy.
))
\Fld@listcount=\count94
\@outlinefile=\write3
)
(/usr/share/texmf/tex/latex/graphics/graphicx.sty
Package: graphicx 1999/02/16 v1.0f Enhanced LaTeX Graphics (DPC,SPQR)

(/usr/share/texmf/tex/latex/graphics/graphics.sty
Package: graphics 2001/07/07 v1.0n Standard LaTeX Graphics (DPC,SPQR)

(/usr/share/texmf/tex/latex/graphics/trig.sty
Package: trig 1999/03/16 v1.09 sin cos tan (DPC)
)
(/usr/share/texmf/tex/latex/graphics/graphics.cfg
File: graphics.cfg 2005/02/03 v1.3 graphics configuration of teTeX/TeXLive
)
Package graphics Info: Driver file: pdftex.def on input line 80.

(/usr/share/texmf/tex/latex/graphics/pdftex.def
File: pdftex.def 2002/06/19 v0.03k graphics/color for pdftex
\Gread@gobject=\count95
))
\Gin@req@height=\dimen106
\Gin@req@width=\dimen107
)
(/usr/share/texmf/tex/latex/wrapfig/wrapfig.sty
\wrapoverhang=\dimen108
\WF@size=\dimen109
\c@WF@wrappedlines=\count96
\WF@box=\box26
\WF@everypar=\toks18
Package: wrapfig 2003/01/31  v 3.6
)
(/usr/share/texmf/tex/latex/multirow/multirow.sty
\bigstrutjot=\dimen110
)
(/usr/share/texmf/tex/latex/booktabs/booktabs.sty
Package: booktabs 2003/03/28 v1.618 publication quality tables
\heavyrulewidth=\dimen111
\lightrulewidth=\dimen112
\cmidrulewidth=\dimen113
\belowrulesep=\dimen114
\belowbottomsep=\dimen115
\aboverulesep=\dimen116
\abovetopsep=\dimen117
\cmidrulesep=\dimen118
\cmidrulekern=\dimen119
\defaultaddspace=\dimen120
\@cmidla=\count97
\@cmidlb=\count98
\@aboverulesep=\dimen121
\@belowrulesep=\dimen122
\@thisruleclass=\count99
\@lastruleclass=\count100
\@thisrulewidth=\dimen123
)
(/usr/share/texmf/tex/latex/subfig/subfig.sty
Package: subfig 2004/01/28 ver: 1.2 subfig package

(/usr/share/texmf/tex/latex/caption/caption.sty
Package: caption 2006/01/12 v3.0i Customising captions (AR)

(/usr/share/texmf/tex/latex/caption/caption3.sty
Package: caption3 2006/01/12 v3.0i caption3 kernel (AR)
\captionmargin=\dimen124
\captionmarginx=\dimen125
\captionwidth=\dimen126
\captionindent=\dimen127
\captionparindent=\dimen128
\captionhangindent=\dimen129
)
Package caption Info: hyperref package v6.74m (or newer) detected on input line
 292.
)
\c@KVtest=\count101
\sf@farskip=\skip45
\sf@captopadj=\dimen130
\sf@capskip=\skip46
\sf@nearskip=\skip47
\c@subfigure=\count102
\c@subfigure@save=\count103
\c@lofdepth=\count104
\c@subtable=\count105
\c@subtable@save=\count106
\c@lotdepth=\count107
\sf@top=\skip48
\sf@bottom=\skip49
)
(/usr/share/texmf/tex/latex/tools/array.sty
Package: array 2003/12/17 v2.4a Tabular extension package (FMi)
\col@sep=\dimen131
\extrarowheight=\dimen132
\NC@list=\toks19
\extratabsurround=\skip50
\backup@length=\skip51
)
(/usr/share/texmf/tex/latex/tools/calc.sty
Package: calc 1998/07/07 v4.1b Infix arithmetic (KKT,FJ)
\calc@Acount=\count108
\calc@Bcount=\count109
\calc@Adimen=\dimen133
\calc@Bdimen=\dimen134
\calc@Askip=\skip52
\calc@Bskip=\skip53
LaTeX Info: Redefining \setlength on input line 59.
LaTeX Info: Redefining \addtolength on input line 60.
\calc@denominator=\count110
)
(/usr/share/texmf/tex/latex/fancyhdr/fancyhdr.sty
\fancy@headwidth=\skip54
\f@ncyO@elh=\skip55
\f@ncyO@erh=\skip56
\f@ncyO@olh=\skip57
\f@ncyO@orh=\skip58
\f@ncyO@elf=\skip59
\f@ncyO@erf=\skip60
\f@ncyO@olf=\skip61
\f@ncyO@orf=\skip62
)
(/usr/share/texmf/tex/latex/graphics/color.sty
Package: color 1999/02/16 v1.0i Standard LaTeX Color (DPC)

(/usr/share/texmf/tex/latex/graphics/color.cfg
File: color.cfg 2005/02/03 v1.3 color configuration of teTeX/TeXLive
)
Package color Info: Driver file: pdftex.def on input line 125.
)
(/usr/share/texmf/tex/latex/base/fixltx2e.sty
Package: fixltx2e 2004/02/13 v1.1h fixes to LaTeX
LaTeX Info: Redefining \@fnsymbol on input line 371.
LaTeX Info: Redefining \em on input line 403.
)

! LaTeX Error: Option clash for package natbib.

See the LaTeX manual or LaTeX Companion for explanation.
Type  H <return>  for immediate help.
 ...                                              
                                                  
l.12 \usepackage
                {xr}                 % reference anothe chapter
The package natbib has already been loaded with options:
  []
There has now been an attempt to load it with options
  [round]
Adding the global options:
  ,round
to your \documentclass declaration may fix this.
Try typing  <return>  to proceed.

(/usr/share/texmf/tex/latex/tools/xr.sty
Package: xr 1994/05/28 v5.02 eXternal References (DPC)
)
(/usr/share/texmf/tex/latex/appendix/appendix.sty
Package: appendix 2002/08/06 v1.2 extra appendix facilities
\c@@pps=\count111
\c@@ppsavesec=\count112
\c@@ppsaveapp=\count113
)
(/usr/share/texmf/tex/latex/float/float.sty
Package: float 2001/11/08 v1.3d Float enhancements (AL)
\c@float@type=\count114
\float@exts=\toks20
\float@box=\box27
\@float@everytoks=\toks21
\@floatcapt=\box28
)
(/usr/share/texmf/tex/latex/paralist/paralist.sty
Package: paralist 2002/03/18 v2.3b Extended list environments (BS)
\pltopsep=\skip63
\plpartopsep=\skip64
\plitemsep=\skip65
\plparsep=\skip66
\pl@lab=\toks22
)
(/usr/share/texmf/tex/latex/was/gensymb.sty
Package: gensymb 2003/07/02 v1.0 (WaS)
)
(/usr/share/texmf/tex/latex/rotating/rotating.sty
Package: rotating 1997/09/26 v2.13 Rotation package

(/usr/share/texmf/tex/latex/base/ifthen.sty
Package: ifthen 2001/05/26 v1.1c Standard LaTeX ifthen package (DPC)
)
\c@r@tfl@t=\count115
\rot@float@box=\box29
)
(/usr/share/texmf/tex/latex/threeparttable/threeparttable.sty
Package: threeparttable 2003/06/13  v 3.0
\@tempboxb=\box30
)
(/usr/share/texmf/tex/latex/amsmath/amsmath.sty
Package: amsmath 2000/07/18 v2.13 AMS math features
\@mathmargin=\skip67

For additional information on amsmath, use the `?' option.
(/usr/share/texmf/tex/latex/amsmath/amstext.sty
Package: amstext 2000/06/29 v2.01

(/usr/share/texmf/tex/latex/amsmath/amsgen.sty
File: amsgen.sty 1999/11/30 v2.0
\@emptytoks=\toks23
\ex@=\dimen135
))
(/usr/share/texmf/tex/latex/amsmath/amsbsy.sty
Package: amsbsy 1999/11/29 v1.2d
\pmbraise@=\dimen136
)
(/usr/share/texmf/tex/latex/amsmath/amsopn.sty
Package: amsopn 1999/12/14 v2.01 operator names
)
\inf@bad=\count116
LaTeX Info: Redefining \frac on input line 211.
\uproot@=\count117
\leftroot@=\count118
LaTeX Info: Redefining \overline on input line 307.
\classnum@=\count119
\DOTSCASE@=\count120
LaTeX Info: Redefining \ldots on input line 379.
LaTeX Info: Redefining \dots on input line 382.
LaTeX Info: Redefining \cdots on input line 467.
\Mathstrutbox@=\box31
\strutbox@=\box32
\big@size=\dimen137
LaTeX Font Info:    Redeclaring font encoding OML on input line 567.
LaTeX Font Info:    Redeclaring font encoding OMS on input line 568.
\macc@depth=\count121
\c@MaxMatrixCols=\count122
\dotsspace@=\muskip11
\c@parentequation=\count123
\dspbrk@lvl=\count124
\tag@help=\toks24
\row@=\count125
\column@=\count126
\maxfields@=\count127
\andhelp@=\toks25
\eqnshift@=\dimen138
\alignsep@=\dimen139
\tagshift@=\dimen140
\tagwidth@=\dimen141
\totwidth@=\dimen142
\lineht@=\dimen143
\@envbody=\toks26
\multlinegap=\skip68
\multlinetaggap=\skip69
\mathdisplay@stack=\toks27
LaTeX Info: Redefining \[ on input line 2666.
LaTeX Info: Redefining \] on input line 2667.
)
(/usr/share/texmf/tex/latex/base/textcomp.sty
Package: textcomp 2004/02/22 v1.99f Standard LaTeX package
Package textcomp Info: Sub-encoding information:
(textcomp)               5 = only ISO-Adobe without \textcurrency
(textcomp)               4 = 5 + \texteuro
(textcomp)               3 = 4 + \textohm
(textcomp)               2 = 3 + \textestimated + \textcurrency
(textcomp)               1 = TS1 - \textcircled - \t
(textcomp)               0 = TS1 (full)
(textcomp)             Font families with sub-encoding setting implement
(textcomp)             only a restricted character set as indicated.
(textcomp)             Family '?' is the default used for unknown fonts.
(textcomp)             See the documentation for details.
Package textcomp Info: Setting ? sub-encoding to TS1/1 on input line 71.

(/usr/share/texmf/tex/latex/base/ts1enc.def
File: ts1enc.def 2001/06/05 v3.0e (jk/car/fm) Standard LaTeX file
)
LaTeX Info: Redefining \oldstylenums on input line 266.
Package textcomp Info: Setting cmr sub-encoding to TS1/0 on input line 281.
Package textcomp Info: Setting cmss sub-encoding to TS1/0 on input line 282.
Package textcomp Info: Setting cmtt sub-encoding to TS1/0 on input line 283.
Package textcomp Info: Setting cmvtt sub-encoding to TS1/0 on input line 284.
Package textcomp Info: Setting cmbr sub-encoding to TS1/0 on input line 285.
Package textcomp Info: Setting cmtl sub-encoding to TS1/0 on input line 286.
Package textcomp Info: Setting ccr sub-encoding to TS1/0 on input line 287.
Package textcomp Info: Setting ptm sub-encoding to TS1/4 on input line 288.
Package textcomp Info: Setting pcr sub-encoding to TS1/4 on input line 289.
Package textcomp Info: Setting phv sub-encoding to TS1/4 on input line 290.
Package textcomp Info: Setting ppl sub-encoding to TS1/3 on input line 291.
Package textcomp Info: Setting pag sub-encoding to TS1/4 on input line 292.
Package textcomp Info: Setting pbk sub-encoding to TS1/4 on input line 293.
Package textcomp Info: Setting pnc sub-encoding to TS1/4 on input line 294.
Package textcomp Info: Setting pzc sub-encoding to TS1/4 on input line 295.
Package textcomp Info: Setting bch sub-encoding to TS1/4 on input line 296.
Package textcomp Info: Setting put sub-encoding to TS1/5 on input line 297.
Package textcomp Info: Setting uag sub-encoding to TS1/5 on input line 298.
Package textcomp Info: Setting ugq sub-encoding to TS1/5 on input line 299.
Package textcomp Info: Setting ul8 sub-encoding to TS1/4 on input line 300.
Package textcomp Info: Setting ul9 sub-encoding to TS1/4 on input line 301.
Package textcomp Info: Setting augie sub-encoding to TS1/5 on input line 302.
Package textcomp Info: Setting dayrom sub-encoding to TS1/3 on input line 303.
Package textcomp Info: Setting dayroms sub-encoding to TS1/3 on input line 304.

Package textcomp Info: Setting pxr sub-encoding to TS1/0 on input line 305.
Package textcomp Info: Setting pxss sub-encoding to TS1/0 on input line 306.
Package textcomp Info: Setting pxtt sub-encoding to TS1/0 on input line 307.
Package textcomp Info: Setting txr sub-encoding to TS1/0 on input line 308.
Package textcomp Info: Setting txss sub-encoding to TS1/0 on input line 309.
Package textcomp Info: Setting txtt sub-encoding to TS1/0 on input line 310.
Package textcomp Info: Setting futs sub-encoding to TS1/4 on input line 311.
Package textcomp Info: Setting futx sub-encoding to TS1/4 on input line 312.
Package textcomp Info: Setting futj sub-encoding to TS1/4 on input line 313.
Package textcomp Info: Setting hlh sub-encoding to TS1/3 on input line 314.
Package textcomp Info: Setting hls sub-encoding to TS1/3 on input line 315.
Package textcomp Info: Setting hlst sub-encoding to TS1/3 on input line 316.
Package textcomp Info: Setting hlct sub-encoding to TS1/5 on input line 317.
Package textcomp Info: Setting hlx sub-encoding to TS1/5 on input line 318.
Package textcomp Info: Setting hlce sub-encoding to TS1/5 on input line 319.
Package textcomp Info: Setting hlcn sub-encoding to TS1/5 on input line 320.
Package textcomp Info: Setting hlcw sub-encoding to TS1/5 on input line 321.
Package textcomp Info: Setting hlcf sub-encoding to TS1/5 on input line 322.
Package textcomp Info: Setting pplx sub-encoding to TS1/3 on input line 323.
Package textcomp Info: Setting pplj sub-encoding to TS1/3 on input line 324.
Package textcomp Info: Setting ptmx sub-encoding to TS1/4 on input line 325.
Package textcomp Info: Setting ptmj sub-encoding to TS1/4 on input line 326.
)
(/usr/share/texmf/tex/latex/graphics/lscape.sty
Package: lscape 2000/10/22 v3.01 Landscape Pages (DPC)
)
\rulewidth=\skip70
 (./ch5_v2.aux

LaTeX Warning: Label `tab:sites' multiply defined.


LaTeX Warning: Label `f:lai_r' multiply defined.

)
\openout1 = `ch5_v2.aux'.

LaTeX Font Info:    Checking defaults for OML/cmm/m/it on input line 69.
LaTeX Font Info:    ... okay on input line 69.
LaTeX Font Info:    Checking defaults for T1/cmr/m/n on input line 69.
LaTeX Font Info:    ... okay on input line 69.
LaTeX Font Info:    Checking defaults for OT1/cmr/m/n on input line 69.
LaTeX Font Info:    ... okay on input line 69.
LaTeX Font Info:    Checking defaults for OMS/cmsy/m/n on input line 69.
LaTeX Font Info:    ... okay on input line 69.
LaTeX Font Info:    Checking defaults for OMX/cmex/m/n on input line 69.
LaTeX Font Info:    ... okay on input line 69.
LaTeX Font Info:    Checking defaults for U/cmr/m/n on input line 69.
LaTeX Font Info:    ... okay on input line 69.
LaTeX Font Info:    Checking defaults for PD1/pdf/m/n on input line 69.
LaTeX Font Info:    ... okay on input line 69.
LaTeX Font Info:    Checking defaults for TS1/cmr/m/n on input line 69.
LaTeX Font Info:    Try loading font information for TS1+cmr on input line 69.
 (/usr/share/texmf/tex/latex/base/ts1cmr.fd
File: ts1cmr.fd 1999/05/25 v2.5h Standard LaTeX font definitions
)
LaTeX Font Info:    ... okay on input line 69.
Package hyperref Info: Link coloring OFF on input line 69.

(/usr/share/texmf/tex/latex/hyperref/nameref.sty
Package: nameref 2003/12/03 v2.21 Cross-referencing by name of section
\c@section@level=\count128
)
LaTeX Info: Redefining \ref on input line 69.
LaTeX Info: Redefining \pageref on input line 69.
 (./ch5_v2.out) (./ch5_v2.out)
\openout3 = `ch5_v2.out'.

(/usr/share/texmf/tex/context/base/supp-pdf.tex
(/usr/share/texmf/tex/context/base/supp-mis.tex
loading : Context Support Macros / Miscellaneous (2004.10.26)
\protectiondepth=\count129
\scratchcounter=\count130
\scratchtoks=\toks28
\scratchdimen=\dimen144
\scratchskip=\skip71
\scratchmuskip=\muskip12
\scratchbox=\box33
\scratchread=\read1
\scratchwrite=\write4
\zeropoint=\dimen145
\onepoint=\dimen146
\onebasepoint=\dimen147
\minusone=\count131
\thousandpoint=\dimen148
\onerealpoint=\dimen149
\emptytoks=\toks29
\nextbox=\box34
\nextdepth=\dimen150
\everyline=\toks30
\!!counta=\count132
\!!countb=\count133
\recursecounter=\count134
)
loading : Context Support Macros / PDF (2004.03.26)
\nofMPsegments=\count135
\nofMParguments=\count136
\MPscratchCnt=\count137
\MPscratchDim=\dimen151
\MPnumerator=\count138
\everyMPtoPDFconversion=\toks31
) (/usr/share/texmf/tex/latex/ms/ragged2e.sty
Package: ragged2e 2003/03/25 v2.04 ragged2e Package (MS)

(/usr/share/texmf/tex/latex/ms/everysel.sty
Package: everysel 1999/06/08 v1.03 EverySelectfont Package (MS)
LaTeX Info: Redefining \selectfont on input line 125.
)
\CenteringLeftskip=\skip72
\RaggedLeftLeftskip=\skip73
\RaggedRightLeftskip=\skip74
\CenteringRightskip=\skip75
\RaggedLeftRightskip=\skip76
\RaggedRightRightskip=\skip77
\CenteringParfillskip=\skip78
\RaggedLeftParfillskip=\skip79
\RaggedRightParfillskip=\skip80
\JustifyingParfillskip=\skip81
\CenteringParindent=\skip82
\RaggedLeftParindent=\skip83
\RaggedRightParindent=\skip84
\JustifyingParindent=\skip85
)
Package caption Info: float package v1.3 (or newer) detected on input line 69.
Package caption Info: rotating package v2.0 (or newer) detected on input line 6
9.
\symgns@font=\mathgroup6
LaTeX Font Info:    Overwriting symbol font `gns@font' in version `bold'
(Font)                  TS1/cmr/m/n --> TS1/cmr/bx/n on input line 69.
Package gensymb Info: Math companion symbols declared on input line 69.
LaTeX Info: Redefining \degree on input line 69.
LaTeX Info: Redefining \celsius on input line 69.
Package gensymb Info: Using text companion symbols for \degree, \celsius and \p
erthousand on input line 69.
LaTeX Info: Redefining \ohm on input line 69.
Package gensymb Info: Using \textohm for \ohm on input line 69.
Package gensymb Info: Using \textmu for \micro on input line 69.
LaTeX Font Info:    Try loading font information for U+msa on input line 71.

(/usr/share/texmf/tex/latex/amsfonts/umsa.fd
File: umsa.fd 2002/01/19 v2.2g AMS font definitions
)
LaTeX Font Info:    Try loading font information for U+msb on input line 71.

(/usr/share/texmf/tex/latex/amsfonts/umsb.fd
File: umsb.fd 2002/01/19 v2.2g AMS font definitions
) [1

{/usr/share/texmf-var/fonts/map/pdftex/updmap/pdftex.map}]
Chapter 5.

Package hyperref Warning: Token not allowed in a PDFDocEncoded string,
(hyperref)                removing `math shift' on input line 77.


Package hyperref Warning: Token not allowed in a PDFDocEncoded string,
(hyperref)                removing `subscript' on input line 77.


Package hyperref Warning: Token not allowed in a PDFDocEncoded string,
(hyperref)                removing `math shift' on input line 77.


</home/mn811042/Thesis/chapter5/figures/section3/sites_map.png, id=38, 1734.48p
t x 1445.4pt>
File: /home/mn811042/Thesis/chapter5/figures/section3/sites_map.png Graphic fil
e (type png)

<use /home/mn811042/Thesis/chapter5/figures/section3/sites_map.png>
Overfull \hbox (3.08246pt too wide) in paragraph at lines 93--93
[]|\OT1/cmr/bx/n/10.95 Country| 
 []


Underfull \hbox (badness 10000) in paragraph at lines 96--96
[]|\OT1/cmr/m/n/10.95 NSA-OBS-
 []


Underfull \hbox (badness 10000) in paragraph at lines 96--96
[]|\OT1/cmr/m/n/10.95 Black
 []


Package natbib Warning: Citation `Sellers1997' on page 1 undefined on input lin
e 96.


Underfull \hbox (badness 10000) in paragraph at lines 97--97
[]|\OT1/cmr/m/n/10.95 NSA-OJP-
 []


Package natbib Warning: Citation `Sellers1997' on page 1 undefined on input lin
e 97.


Underfull \hbox (badness 10000) in paragraph at lines 98--98
[]|\OT1/cmr/m/n/10.95 NSA-YJP-
 []


Package natbib Warning: Citation `Sellers1997' on page 1 undefined on input lin
e 98.


Underfull \hbox (badness 10000) in paragraph at lines 99--99
[]|\OT1/cmr/m/n/10.95 SSA-OBS-
 []


Underfull \hbox (badness 10000) in paragraph at lines 99--99
[]|\OT1/cmr/m/n/10.95 Black
 []


Package natbib Warning: Citation `Sellers1997' on page 1 undefined on input lin
e 99.


Underfull \hbox (badness 10000) in paragraph at lines 100--100
[]|\OT1/cmr/m/n/10.95 SSA-OJP-
 []


Package natbib Warning: Citation `Sellers1997' on page 1 undefined on input lin
e 100.


Underfull \hbox (badness 10000) in paragraph at lines 101--101
[]|\OT1/cmr/m/n/10.95 SSA-YJP-
 []


Package natbib Warning: Citation `Sellers1997' on page 1 undefined on input lin
e 101.


Underfull \hbox (badness 10000) in paragraph at lines 102--102
[]|\OT1/cmr/m/n/10.95 Temperate
 []


Underfull \hbox (badness 10000) in paragraph at lines 102--102
\OT1/cmr/m/n/10.95 Mediter-
 []


Underfull \hbox (badness 10000) in paragraph at lines 102--102
[]|\OT1/cmr/m/n/10.95 Ponderosa
 []


Package natbib Warning: Citation `Thomas2009' on page 1 undefined on input line
 102.


Underfull \hbox (badness 10000) in paragraph at lines 102--103
[]|[]\OT1/cmr/m/n/10.95 De Kauwe
 []


Underfull \hbox (badness 10000) in paragraph at lines 103--103
[]|\OT1/cmr/m/n/10.95 Temperate
 []


Underfull \hbox (badness 10000) in paragraph at lines 103--103
\OT1/cmr/m/n/10.95 Mediter-
 []


Underfull \hbox (badness 10000) in paragraph at lines 103--103
[]|\OT1/cmr/m/n/10.95 Ponderosa
 []


Package natbib Warning: Citation `Law2001' on page 1 undefined on input line 10
3.


Underfull \hbox (badness 10000) in paragraph at lines 103--104
[]|[]\OT1/cmr/m/n/10.95 De Kauwe
 []


Underfull \hbox (badness 2050) in paragraph at lines 104--105
[]|[]\OT1/cmr/m/n/10.95 Hadley and
 []


Underfull \hbox (badness 10000) in paragraph at lines 104--105
\OT1/cmr/m/n/10.95 Schedl-bauer[]
 []


Underfull \hbox (badness 10000) in paragraph at lines 107--107
[]|\OT1/cmr/m/n/10.95 Temperate
 []


Underfull \hbox (badness 1701) in paragraph at lines 107--107
[]|\OT1/cmr/m/n/10.95 Oak Wood-
 []


Underfull \hbox (badness 10000) in paragraph at lines 107--108
[]|[]\OT1/cmr/m/n/10.95 Wilkinson
 []


Underfull \hbox (badness 10000) in paragraph at lines 110--110
[]|\OT1/cmr/m/n/10.95 SSA-OBS-
 []


Underfull \hbox (badness 1184) in paragraph at lines 110--110
[]|\OT1/cmr/m/n/10.95 DHP and 3D
 []


Package natbib Warning: Citation `Chen1997' on page 1 undefined on input line 1
10.


Overfull \hbox (9.96416pt too wide) in paragraph at lines 113--113
[]|\OT1/cmr/m/n/10.95 Mediterranean| 
 []


Underfull \hbox (badness 1184) in paragraph at lines 113--113
[]|\OT1/cmr/m/n/10.95 DHP and 3D
 []


Underfull \hbox (badness 3407) in paragraph at lines 113--114
[]|[]\OT1/cmr/m/n/10.95 Ryu et al.[]
 []

Adding sideways figure on  right hand page
! pdfTeX warning (ext4): destination with the same identifier (name{page.1}) ha
s been already used, duplicate ignored
<to be read again> 
                   \penalty 
l.123 \newpage
               [1

]

Package Fancyhdr Warning: \headheight is too small (12.0pt): 
 Make it at least 13.59999pt.
 We now make it that large for the rest of the document.
 This may cause the page layout to be inconsistent, however.

[2
! pdfTeX warning (ext4): destination with the same identifier (name{figure.5.1}
) has been already used, duplicate ignored
<to be read again> 
                   \endgroup \set@typeset@protect 
l.123 \newpage
               </home/mn811042/Thesis/chapter5/figures/section3/sites_map.png>]

Package Fancyhdr Warning: \headheight is too small (12.0pt): 
 Make it at least 13.59999pt.
 We now make it that large for the rest of the document.
 This may cause the page layout to be inconsistent, however.

[3
! pdfTeX warning (ext4): destination with the same identifier (name{table.5.1})
 has been already used, duplicate ignored
<to be read again> 
                   \endgroup \set@typeset@protect 
l.123 \newpage
              ]
</home/mn811042/Thesis/chapter5/figures/section1/Pgap_average_tonzi_18.png, id=
88, 2168.1pt x 2023.56pt>
File: /home/mn811042/Thesis/chapter5/figures/section1/Pgap_average_tonzi_18.png
 Graphic file (type png)

<use /home/mn811042/Thesis/chapter5/figures/section1/Pgap_average_tonzi_18.png>

</home/mn811042/Thesis/chapter5/figures/section1/Pgap_average_SSA-9OA-FLXTR.png
, id=89, 2168.1pt x 2023.56pt>
File: /home/mn811042/Thesis/chapter5/figures/section1/Pgap_average_SSA-9OA-FLXT
R.png Graphic file (type png)

<use /home/mn811042/Thesis/chapter5/figures/section1/Pgap_average_SSA-9OA-FLXTR
.png>
</home/mn811042/Thesis/chapter5/figures/section1/Pgap_average_NSA-OBS-FLXTR.png
, id=90, 2168.1pt x 2023.56pt>
File: /home/mn811042/Thesis/chapter5/figures/section1/Pgap_average_NSA-OBS-FLXT
R.png Graphic file (type png)

<use /home/mn811042/Thesis/chapter5/figures/section1/Pgap_average_NSA-OBS-FLXTR
.png>
Overfull \hbox (15.03442pt too wide) in paragraph at lines 130--135
 [][] 
 []


</home/mn811042/Thesis/chapter5/figures/section1/Pgap_average_NSA-OJP-FLXTR.png
, id=91, 2168.1pt x 2023.56pt>
File: /home/mn811042/Thesis/chapter5/figures/section1/Pgap_average_NSA-OJP-FLXT
R.png Graphic file (type png)

<use /home/mn811042/Thesis/chapter5/figures/section1/Pgap_average_NSA-OJP-FLXTR
.png>
</home/mn811042/Thesis/chapter5/figures/section1/Pgap_average_NSA-YJP-FLXTR.png
, id=92, 2168.1pt x 2023.56pt>
File: /home/mn811042/Thesis/chapter5/figures/section1/Pgap_average_NSA-YJP-FLXT
R.png Graphic file (type png)

<use /home/mn811042/Thesis/chapter5/figures/section1/Pgap_average_NSA-YJP-FLXTR
.png>
</home/mn811042/Thesis/chapter5/figures/section1/Pgap_average_all_alice.png, id
=93, 2168.1pt x 2023.56pt>
File: /home/mn811042/Thesis/chapter5/figures/section1/Pgap_average_all_alice.pn
g Graphic file (type png)

<use /home/mn811042/Thesis/chapter5/figures/section1/Pgap_average_all_alice.png
>
Overfull \hbox (15.03442pt too wide) in paragraph at lines 136--141
 [][] 
 []


</home/mn811042/Thesis/chapter5/figures/section1/Pgap_average_SSA-OBS-FLXTR.png
, id=94, 2168.1pt x 2023.56pt>
File: /home/mn811042/Thesis/chapter5/figures/section1/Pgap_average_SSA-OBS-FLXT
R.png Graphic file (type png)

<use /home/mn811042/Thesis/chapter5/figures/section1/Pgap_average_SSA-OBS-FLXTR
.png>
</home/mn811042/Thesis/chapter5/figures/section1/Pgap_average_SSA-OJP-FLXTR.png
, id=95, 2168.1pt x 2023.56pt>
File: /home/mn811042/Thesis/chapter5/figures/section1/Pgap_average_SSA-OJP-FLXT
R.png Graphic file (type png)

<use /home/mn811042/Thesis/chapter5/figures/section1/Pgap_average_SSA-OJP-FLXTR
.png>
</home/mn811042/Thesis/chapter5/figures/section1/Pgap_average_SSA-YJP-FLXTR.png
, id=96, 2168.1pt x 2023.56pt>
File: /home/mn811042/Thesis/chapter5/figures/section1/Pgap_average_SSA-YJP-FLXT
R.png Graphic file (type png)

<use /home/mn811042/Thesis/chapter5/figures/section1/Pgap_average_SSA-YJP-FLXTR
.png>
Overfull \hbox (15.03442pt too wide) in paragraph at lines 142--147
 [][] 
 []


</home/mn811042/Thesis/chapter5/figures/section1/Pgap_average_oregon_inter.png,
 id=97, 2168.1pt x 2023.56pt>
File: /home/mn811042/Thesis/chapter5/figures/section1/Pgap_average_oregon_inter
.png Graphic file (type png)

<use /home/mn811042/Thesis/chapter5/figures/section1/Pgap_average_oregon_inter.
png>
</home/mn811042/Thesis/chapter5/figures/section1/Pgap_average_oregon_mature.png
, id=98, 2168.1pt x 2023.56pt>
File: /home/mn811042/Thesis/chapter5/figures/section1/Pgap_average_oregon_matur
e.png Graphic file (type png)

<use /home/mn811042/Thesis/chapter5/figures/section1/Pgap_average_oregon_mature
.png>
</home/mn811042/Thesis/chapter5/figures/section1/Pgap_average_hemlock_sep_2015.
png, id=99, 2168.1pt x 2023.56pt>
File: /home/mn811042/Thesis/chapter5/figures/section1/Pgap_average_hemlock_sep_
2015.png Graphic file (type png)

<use /home/mn811042/Thesis/chapter5/figures/section1/Pgap_average_hemlock_sep_2
015.png>
Overfull \hbox (15.03442pt too wide) in paragraph at lines 148--153
 [][] 
 []


Package hyperref Warning: Token not allowed in a PDFDocEncoded string,
(hyperref)                removing `math shift' on input line 159.


Package hyperref Warning: Token not allowed in a PDFDocEncoded string,
(hyperref)                removing `subscript' on input line 159.


Package hyperref Warning: Token not allowed in a PDFDocEncoded string,
(hyperref)                removing `math shift' on input line 159.


</home/mn811042/Thesis/chapter5/figures/section2/SSA-9OA_tree_plot.png, id=100,
 679.03688pt x 599.23875pt>
File: /home/mn811042/Thesis/chapter5/figures/section2/SSA-9OA_tree_plot.png Gra
phic file (type png)

<use /home/mn811042/Thesis/chapter5/figures/section2/SSA-9OA_tree_plot.png>
</home/mn811042/Thesis/chapter5/figures/section2/Tonzi_ranch_tree_plot.png, id=
101, 679.03688pt x 599.23875pt>
File: /home/mn811042/Thesis/chapter5/figures/section2/Tonzi_ranch_tree_plot.png
 Graphic file (type png)

<use /home/mn811042/Thesis/chapter5/figures/section2/Tonzi_ranch_tree_plot.png>

</home/mn811042/Thesis/chapter5/figures/section2/SSA-OA-BOREAS-3.png, id=102, 6
38.385pt x 353.82187pt>
File: /home/mn811042/Thesis/chapter5/figures/section2/SSA-OA-BOREAS-3.png Graph
ic file (type png)

<use /home/mn811042/Thesis/chapter5/figures/section2/SSA-OA-BOREAS-3.png>
</home/mn811042/Thesis/chapter5/figures/section2/tonzi_ranch_300.png, id=104, 1
671.24374pt x 887.315pt>
File: /home/mn811042/Thesis/chapter5/figures/section2/tonzi_ranch_300.png Graph
ic file (type png)

<use /home/mn811042/Thesis/chapter5/figures/section2/tonzi_ranch_300.png>
Overfull \hbox (15.65pt too wide) in paragraph at lines 169--173
 [][] 
 []


</home/mn811042/Thesis/chapter5/figures/section2/Pgap_ssa_oa_dhp_maespa.png, id
=106, 2168.1pt x 2023.56pt>
File: /home/mn811042/Thesis/chapter5/figures/section2/Pgap_ssa_oa_dhp_maespa.pn
g Graphic file (type png)

<use /home/mn811042/Thesis/chapter5/figures/section2/Pgap_ssa_oa_dhp_maespa.png
>
</home/mn811042/Thesis/chapter5/figures/section2/Pgap_tonzi_dhp_maespa.png, id=
108, 2168.1pt x 2023.56pt>
File: /home/mn811042/Thesis/chapter5/figures/section2/Pgap_tonzi_dhp_maespa.png
 Graphic file (type png)

<use /home/mn811042/Thesis/chapter5/figures/section2/Pgap_tonzi_dhp_maespa.png>

Overfull \hbox (15.65pt too wide) in paragraph at lines 174--178
 [][] 
 []


Package Fancyhdr Warning: \headheight is too small (12.0pt): 
 Make it at least 13.59999pt.
 We now make it that large for the rest of the document.
 This may cause the page layout to be inconsistent, however.

[4
! pdfTeX warning (ext4): destination with the same identifier (name{figure.5.2}
) has been already used, duplicate ignored
<to be read again> 
                   \endgroup \set@typeset@protect 
l.180 \end{figure}
                   </home/mn811042/Thesis/chapter5/figures/section1/Pgap_averag
e_tonzi_18.png> </home/mn811042/Thesis/chapter5/figures/section1/Pgap_average_S
SA-9OA-FLXTR.png> </home/mn811042/Thesis/chapter5/figures/section1/Pgap_average
_NSA-OBS-FLXTR.png> </home/mn811042/Thesis/chapter5/figures/section1/Pgap_avera
ge_NSA-OJP-FLXTR.png> </home/mn811042/Thesis/chapter5/figures/section1/Pgap_ave
rage_NSA-YJP-FLXTR.png> </home/mn811042/Thesis/chapter5/figures/section1/Pgap_a
verage_all_alice.png> </home/mn811042/Thesis/chapter5/figures/section1/Pgap_ave
rage_SSA-OBS-FLXTR.png> </home/mn811042/Thesis/chapter5/figures/section1/Pgap_a
verage_SSA-OJP-FLXTR.png> </home/mn811042/Thesis/chapter5/figures/section1/Pgap
_average_SSA-YJP-FLXTR.png> </home/mn811042/Thesis/chapter5/figures/section1/Pg
ap_average_oregon_inter.png> </home/mn811042/Thesis/chapter5/figures/section1/P
gap_average_oregon_mature.png> </home/mn811042/Thesis/chapter5/figures/section1
/Pgap_average_hemlock_sep_2015.png>]
</home/mn811042/Thesis/chapter5/figures/section3/SSA-9OA-FLXTR_adj_nilson.png, 
id=130, 2168.1pt x 2168.1pt>
File: /home/mn811042/Thesis/chapter5/figures/section3/SSA-9OA-FLXTR_adj_nilson.
png Graphic file (type png)

<use /home/mn811042/Thesis/chapter5/figures/section3/SSA-9OA-FLXTR_adj_nilson.p
ng>
</home/mn811042/Thesis/chapter5/figures/section3/SSA-9OA-FLXTR_pinty.png, id=13
1, 2168.1pt x 2168.1pt>
File: /home/mn811042/Thesis/chapter5/figures/section3/SSA-9OA-FLXTR_pinty.png G
raphic file (type png)

<use /home/mn811042/Thesis/chapter5/figures/section3/SSA-9OA-FLXTR_pinty.png>
</home/mn811042/Thesis/chapter5/figures/section3/tonzi_adj_nilson.png, id=132, 
2168.1pt x 2168.1pt>
File: /home/mn811042/Thesis/chapter5/figures/section3/tonzi_adj_nilson.png Grap
hic file (type png)

<use /home/mn811042/Thesis/chapter5/figures/section3/tonzi_adj_nilson.png>
</home/mn811042/Thesis/chapter5/figures/section3/tonzi_adj_pinty.png, id=133, 2
168.1pt x 2168.1pt>
File: /home/mn811042/Thesis/chapter5/figures/section3/tonzi_adj_pinty.png Graph
ic file (type png)

<use /home/mn811042/Thesis/chapter5/figures/section3/tonzi_adj_pinty.png>

Package Fancyhdr Warning: \headheight is too small (12.0pt): 
 Make it at least 13.59999pt.
 We now make it that large for the rest of the document.
 This may cause the page layout to be inconsistent, however.

[5 </home/mn811042/Thesis/chapter5/figures/section2/SSA-OA-BOREAS-3.png> </home
/mn811042/Thesis/chapter5/figures/section2/tonzi_ranch_300.png> </home/mn811042
/Thesis/chapter5/figures/section2/Pgap_ssa_oa_dhp_maespa.png> </home/mn811042/T
hesis/chapter5/figures/section2/Pgap_tonzi_dhp_maespa.png> </home/mn811042/Thes
is/chapter5/figures/section2/SSA-9OA_tree_plot.png> </home/mn811042/Thesis/chap
ter5/figures/section2/Tonzi_ranch_tree_plot.png>]
Underfull \hbox (badness 10000) in paragraph at lines 248--248
[]|\OT1/cmr/m/n/10.95 a =0.492(0.447,0.537);
 []


Overfull \hbox (2.10686pt too wide) in paragraph at lines 203--254
[][]
 []

Adding sideways figure on  right hand page

Package Fancyhdr Warning: \headheight is too small (12.0pt): 
 Make it at least 13.59999pt.
 We now make it that large for the rest of the document.
 This may cause the page layout to be inconsistent, however.

[6
! pdfTeX warning (ext4): destination with the same identifier (name{subfigure.5
.3.1}) has been already used, duplicate ignored
<to be read again> 
                   \endgroup \set@typeset@protect 
l.258 \newpage
              
! pdfTeX warning (ext4): destination with the same identifier (name{subfigure.5
.3.2}) has been already used, duplicate ignored
<to be read again> 
                   \endgroup \set@typeset@protect 
l.258 \newpage
              
! pdfTeX warning (ext4): destination with the same identifier (name{subfigure.5
.3.3}) has been already used, duplicate ignored
<to be read again> 
                   \endgroup \set@typeset@protect 
l.258 \newpage
              
! pdfTeX warning (ext4): destination with the same identifier (name{subfigure.5
.3.4}) has been already used, duplicate ignored
<to be read again> 
                   \endgroup \set@typeset@protect 
l.258 \newpage
              
! pdfTeX warning (ext4): destination with the same identifier (name{figure.5.3}
) has been already used, duplicate ignored
<to be read again> 
                   \endgroup \set@typeset@protect 
l.258 \newpage
               </home/mn811042/Thesis/chapter5/figures/section3/SSA-9OA-FLXTR_a
dj_nilson.png> </home/mn811042/Thesis/chapter5/figures/section3/SSA-9OA-FLXTR_p
inty.png> </home/mn811042/Thesis/chapter5/figures/section3/tonzi_adj_nilson.png
> </home/mn811042/Thesis/chapter5/figures/section3/tonzi_adj_pinty.png>]

Package Fancyhdr Warning: \headheight is too small (12.0pt): 
 Make it at least 13.59999pt.
 We now make it that large for the rest of the document.
 This may cause the page layout to be inconsistent, however.

[7
! pdfTeX warning (ext4): destination with the same identifier (name{table.5.2})
 has been already used, duplicate ignored
<to be read again> 
                   \endgroup \set@typeset@protect 
l.258 \newpage
              ]
</home/mn811042/Thesis/chapter5/figures/section3/LAI_r_pinty.png, id=161, 2168.
1pt x 2168.1pt>
File: /home/mn811042/Thesis/chapter5/figures/section3/LAI_r_pinty.png Graphic f
ile (type png)

<use /home/mn811042/Thesis/chapter5/figures/section3/LAI_r_pinty.png>
</home/mn811042/Thesis/chapter5/figures/section3/LAI_r_AIC_dif.png, id=162, 216
8.1pt x 2168.1pt>
File: /home/mn811042/Thesis/chapter5/figures/section3/LAI_r_AIC_dif.png Graphic
 file (type png)

<use /home/mn811042/Thesis/chapter5/figures/section3/LAI_r_AIC_dif.png>
Overfull \hbox (15.65pt too wide) in paragraph at lines 264--268
 [][] 
 []


! LaTeX Error: Lonely \item--perhaps a missing list environment.

See the LaTeX manual or LaTeX Companion for explanation.
Type  H <return>  for immediate help.
 ...                                              
                                                  
l.274  \item
             AIC and BIC from $\zeta(\mu)$ are always smaller than $\Omega$ ...

Try typing  <return>  to proceed.
If that doesn't work, type  X <return>  to quit.


Underfull \hbox (badness 10000) detected at line 274
[][]
 []


! LaTeX Error: Lonely \item--perhaps a missing list environment.

See the LaTeX manual or LaTeX Companion for explanation.
Type  H <return>  for immediate help.
 ...                                              
                                                  
l.274  \item A
              IC and BIC from $\zeta(\mu)$ are always smaller than $\Omega$ ...

Try typing  <return>  to proceed.
If that doesn't work, type  X <return>  to quit.


Underfull \hbox (badness 10000) detected at line 274
[][]
 []


! LaTeX Error: Lonely \item--perhaps a missing list environment.

See the LaTeX manual or LaTeX Companion for explanation.
Type  H <return>  for immediate help.
 ...                                              
                                                  
l.275  \item T
              he RMSE for $\Omega$ is always larger than $\zeta(\mu)$ but it...

Try typing  <return>  to proceed.
If that doesn't work, type  X <return>  to quit.


Underfull \hbox (badness 10000) detected at line 275
[][]
 []


! LaTeX Error: Lonely \item--perhaps a missing list environment.

See the LaTeX manual or LaTeX Companion for explanation.
Type  H <return>  for immediate help.
 ...                                              
                                                  
l.276 \item T
             he Pearson coefficient, or $r$ has no obvious relation with the...

Try typing  <return>  to proceed.
If that doesn't work, type  X <return>  to quit.


Underfull \hbox (badness 10000) detected at line 276
[][]
 []


! LaTeX Error: Lonely \item--perhaps a missing list environment.

See the LaTeX manual or LaTeX Companion for explanation.
Type  H <return>  for immediate help.
 ...                                              
                                                  
l.277 \item F
             igure~\ref{f:lai_r} indicates that $r^{\zeta(\mu)}$ should be p...

Try typing  <return>  to proceed.
If that doesn't work, type  X <return>  to quit.


Underfull \hbox (badness 10000) detected at line 277
[][]
 []


! LaTeX Error: Lonely \item--perhaps a missing list environment.

See the LaTeX manual or LaTeX Companion for explanation.
Type  H <return>  for immediate help.
 ...                                              
                                                  
l.278 \item T
             here is no statiscally significant relationship between LAI and...

Try typing  <return>  to proceed.
If that doesn't work, type  X <return>  to quit.


Underfull \hbox (badness 10000) detected at line 278
[][]
 []


</home/mn811042/Thesis/chapter5/figures/section4/SSA-OA-fapar_diff_comparison.p
ng, id=163, 3468.96pt x 2312.64pt>
File: /home/mn811042/Thesis/chapter5/figures/section4/SSA-OA-fapar_diff_compari
son.png Graphic file (type png)

<use /home/mn811042/Thesis/chapter5/figures/section4/SSA-OA-fapar_diff_comparis
on.png>
</home/mn811042/Thesis/chapter5/figures/section4/Tonzi-fapar_comparison.png, id
=164, 3468.96pt x 2312.64pt>
File: /home/mn811042/Thesis/chapter5/figures/section4/Tonzi-fapar_comparison.pn
g Graphic file (type png)

<use /home/mn811042/Thesis/chapter5/figures/section4/Tonzi-fapar_comparison.png
>
</home/mn811042/Thesis/chapter5/figures/section4/SSA-OA-gpp_diff_comparison.png
, id=165, 3468.96pt x 2312.64pt>
File: /home/mn811042/Thesis/chapter5/figures/section4/SSA-OA-gpp_diff_compariso
n.png Graphic file (type png)

<use /home/mn811042/Thesis/chapter5/figures/section4/SSA-OA-gpp_diff_comparison
.png>
</home/mn811042/Thesis/chapter5/figures/section4/Tonzi-gpp_comparison.png, id=1
66, 3468.96pt x 2312.64pt>
File: /home/mn811042/Thesis/chapter5/figures/section4/Tonzi-gpp_comparison.png 
Graphic file (type png)

<use /home/mn811042/Thesis/chapter5/figures/section4/Tonzi-gpp_comparison.png>
</home/mn811042/Thesis/chapter5/figures/section4/SSA-OA-RMSE_gpp_diff_compariso
n.png, id=167, 3468.96pt x 2312.64pt>
File: /home/mn811042/Thesis/chapter5/figures/section4/SSA-OA-RMSE_gpp_diff_comp
arison.png Graphic file (type png)

<use /home/mn811042/Thesis/chapter5/figures/section4/SSA-OA-RMSE_gpp_diff_compa
rison.png>
</home/mn811042/Thesis/chapter5/figures/section4/Tonzi-RMSE_gpp_comparison.png,
 id=168, 3468.96pt x 2312.64pt>
File: /home/mn811042/Thesis/chapter5/figures/section4/Tonzi-RMSE_gpp_comparison
.png Graphic file (type png)

<use /home/mn811042/Thesis/chapter5/figures/section4/Tonzi-RMSE_gpp_comparison.
png>

Package Fancyhdr Warning: \headheight is too small (12.0pt): 
 Make it at least 13.59999pt.
 We now make it that large for the rest of the document.
 This may cause the page layout to be inconsistent, however.

[8
! pdfTeX warning (ext4): destination with the same identifier (name{figure.5.4}
) has been already used, duplicate ignored
<to be read again> 
                   \endgroup \set@typeset@protect 
l.298 \end{figure}
                   </home/mn811042/Thesis/chapter5/figures/section3/LAI_r_pinty
.png> </home/mn811042/Thesis/chapter5/figures/section3/LAI_r_AIC_dif.png>]

Package Fancyhdr Warning: \headheight is too small (12.0pt): 
 Make it at least 13.59999pt.
 We now make it that large for the rest of the document.
 This may cause the page layout to be inconsistent, however.

[9
! pdfTeX warning (ext4): destination with the same identifier (name{figure.5.5}
) has been already used, duplicate ignored
<to be read again> 
                   \endgroup \set@typeset@protect 
l.307 \newpage
               </home/mn811042/Thesis/chapter5/figures/section4/SSA-OA-fapar_di
ff_comparison.png> </home/mn811042/Thesis/chapter5/figures/section4/Tonzi-fapar
_comparison.png> </home/mn811042/Thesis/chapter5/figures/section4/SSA-OA-gpp_di
ff_comparison.png> </home/mn811042/Thesis/chapter5/figures/section4/Tonzi-gpp_c
omparison.png> </home/mn811042/Thesis/chapter5/figures/section4/SSA-OA-RMSE_gpp
_diff_comparison.png> </home/mn811042/Thesis/chapter5/figures/section4/Tonzi-RM
SE_gpp_comparison.png>] (./ch5_v2.bbl)

Package natbib Warning: There were undefined citations.

[10

] (./ch5_v2.aux)

LaTeX Warning: There were multiply-defined labels.

 ) 
Here is how much of TeX's memory you used:
 5910 strings out of 94500
 88246 string characters out of 1176766
 146460 words of memory out of 1000000
 8851 multiletter control sequences out of 10000+50000
 19564 words of font info for 72 fonts, out of 500000 for 2000
 580 hyphenation exceptions out of 1000
 41i,15n,43p,443b,403s stack positions out of 1500i,500n,5000p,200000b,5000s
PDF statistics:
 196 PDF objects out of 300000
 55 named destinations out of 131072
 236 words of extra memory for PDF output out of 65536
</usr/share/texmf/fonts/type1/bluesky/cm/cmti10.pfb></usr/share/texmf/fonts/t
ype1/bluesky/cm/cmr9.pfb></usr/share/texmf/fonts/type1/bluesky/cm/cmsy8.pfb></u
sr/share/texmf/fonts/type1/bluesky/cm/cmbx10.pfb></usr/share/texmf/fonts/type1/
bluesky/cm/cmmi8.pfb></usr/share/texmf/fonts/type1/bluesky/cm/cmr10.pfb></usr/s
hare/texmf/fonts/type1/bluesky/cm/cmmi10.pfb></usr/share/texmf/fonts/type1/blue
sky/cm/cmbx12.pfb></usr/share/texmf/fonts/type1/bluesky/cm/cmr8.pfb></usr/share
/texmf/fonts/type1/bluesky/cm/cmr12.pfb>
Output written on ch5_v2.pdf (11 pages, 27289265 bytes).
