This is pdfeTeX, Version 3.141592-1.21a-2.2 (Web2C 7.5.4) (format=pdflatex 2013.10.8)  12 APR 2017 17:50
entering extended mode
**ch5_v4.tex
(./ch5_v4.tex
LaTeX2e <2003/12/01>
Babel <v3.8d> and hyphenation patterns for american, french, german, ngerman, b
ahasa, basque, bulgarian, catalan, croatian, czech, danish, dutch, esperanto, e
stonian, finnish, greek, icelandic, irish, italian, latin, magyar, norsk, polis
h, portuges, romanian, russian, serbian, slovak, slovene, spanish, swedish, tur
kish, ukrainian, nohyphenation, loaded.
(/usr/share/texmf/tex/latex/base/report.cls
Document Class: report 2004/02/16 v1.4f Standard LaTeX document class
(/usr/share/texmf/tex/latex/base/size11.clo
File: size11.clo 2004/02/16 v1.4f Standard LaTeX file (size option)
)
\c@part=\count79
\c@chapter=\count80
\c@section=\count81
\c@subsection=\count82
\c@subsubsection=\count83
\c@paragraph=\count84
\c@subparagraph=\count85
\c@figure=\count86
\c@table=\count87
\abovecaptionskip=\skip41
\belowcaptionskip=\skip42
\bibindent=\dimen102
)
(/usr/share/texmf/tex/latex/setspace/setspace.sty
Package: setspace 2000/12/01 6.7 Contributed and Supported LaTeX2e package

Package: `setspace' 6.7 <2000/12/01>
) (/usr/share/texmf/tex/latex/url/url.sty
\Urlmuskip=\muskip10
Package: url 2004/03/15  ver 3.1  Verb mode for urls, etc.
)
(/usr/share/texmf/tex/latex/natbib/natbib.sty
Package: natbib 2003/06/06 7.1 (PWD)
\bibhang=\skip43
\bibsep=\skip44
LaTeX Info: Redefining \cite on input line 518.
\c@NAT@ctr=\count88
)
(/usr/share/texmf/tex/latex/amsfonts/amssymb.sty
Package: amssymb 2002/01/22 v2.2d

(/usr/share/texmf/tex/latex/amsfonts/amsfonts.sty
Package: amsfonts 2001/10/25 v2.2f
\@emptytoks=\toks14
\symAMSa=\mathgroup4
\symAMSb=\mathgroup5
LaTeX Font Info:    Overwriting math alphabet `\mathfrak' in version `bold'
(Font)                  U/euf/m/n --> U/euf/b/n on input line 132.
))
(/usr/share/texmf/tex/latex/hyperref/hyperref.sty
Package: hyperref 2003/11/30 v6.74m Hypertext links for LaTeX

(/usr/share/texmf/tex/latex/graphics/keyval.sty
Package: keyval 1999/03/16 v1.13 key=value parser (DPC)
\KV@toks@=\toks15
)
\@linkdim=\dimen103
\Hy@linkcounter=\count89
\Hy@pagecounter=\count90

(/usr/share/texmf/tex/latex/hyperref/pd1enc.def
File: pd1enc.def 2003/11/30 v6.74m Hyperref: PDFDocEncoding definition (HO)
)
(/usr/share/texmf/tex/latex/hyperref/hyperref.cfg
File: hyperref.cfg 2002/06/06 v1.2 hyperref configuration of TeXLive and teTeX
)
Package hyperref Info: Hyper figures OFF on input line 1880.
Package hyperref Info: Link nesting OFF on input line 1885.
Package hyperref Info: Hyper index ON on input line 1888.
Package hyperref Info: Plain pages ON on input line 1893.
Package hyperref Info: Backreferencing OFF on input line 1900.

Implicit mode ON; LaTeX internals redefined
Package hyperref Info: Bookmarks ON on input line 2004.
LaTeX Info: Redefining \url on input line 2143.
\Fld@menulength=\count91
\Field@Width=\dimen104
\Fld@charsize=\dimen105
\Choice@toks=\toks16
\Field@toks=\toks17
Package hyperref Info: Hyper figures OFF on input line 2618.
Package hyperref Info: Link nesting OFF on input line 2623.
Package hyperref Info: Hyper index ON on input line 2626.
Package hyperref Info: backreferencing OFF on input line 2633.
Package hyperref Info: Link coloring OFF on input line 2638.
\c@Item=\count92
\c@Hfootnote=\count93
)
*hyperref using default driver hpdftex*
(/usr/share/texmf/tex/latex/hyperref/hpdftex.def
File: hpdftex.def 2003/11/30 v6.74m Hyperref driver for pdfTeX

(/usr/share/texmf/tex/latex/psnfss/pifont.sty
Package: pifont 2004/09/15 PSNFSS-v9.2 Pi font support (SPQR) 
LaTeX Font Info:    Try loading font information for U+pzd on input line 63.

(/usr/share/texmf/tex/latex/psnfss/upzd.fd
File: upzd.fd 2001/06/04 font definitions for U/pzd.
)
LaTeX Font Info:    Try loading font information for U+psy on input line 64.

(/usr/share/texmf/tex/latex/psnfss/upsy.fd
File: upsy.fd 2001/06/04 font definitions for U/psy.
))
\Fld@listcount=\count94
\@outlinefile=\write3
)
(/usr/share/texmf/tex/latex/graphics/graphicx.sty
Package: graphicx 1999/02/16 v1.0f Enhanced LaTeX Graphics (DPC,SPQR)

(/usr/share/texmf/tex/latex/graphics/graphics.sty
Package: graphics 2001/07/07 v1.0n Standard LaTeX Graphics (DPC,SPQR)

(/usr/share/texmf/tex/latex/graphics/trig.sty
Package: trig 1999/03/16 v1.09 sin cos tan (DPC)
)
(/usr/share/texmf/tex/latex/graphics/graphics.cfg
File: graphics.cfg 2005/02/03 v1.3 graphics configuration of teTeX/TeXLive
)
Package graphics Info: Driver file: pdftex.def on input line 80.

(/usr/share/texmf/tex/latex/graphics/pdftex.def
File: pdftex.def 2002/06/19 v0.03k graphics/color for pdftex
\Gread@gobject=\count95
))
\Gin@req@height=\dimen106
\Gin@req@width=\dimen107
)
(/usr/share/texmf/tex/latex/wrapfig/wrapfig.sty
\wrapoverhang=\dimen108
\WF@size=\dimen109
\c@WF@wrappedlines=\count96
\WF@box=\box26
\WF@everypar=\toks18
Package: wrapfig 2003/01/31  v 3.6
)
(/usr/share/texmf/tex/latex/multirow/multirow.sty
\bigstrutjot=\dimen110
)
(/usr/share/texmf/tex/latex/booktabs/booktabs.sty
Package: booktabs 2003/03/28 v1.618 publication quality tables
\heavyrulewidth=\dimen111
\lightrulewidth=\dimen112
\cmidrulewidth=\dimen113
\belowrulesep=\dimen114
\belowbottomsep=\dimen115
\aboverulesep=\dimen116
\abovetopsep=\dimen117
\cmidrulesep=\dimen118
\cmidrulekern=\dimen119
\defaultaddspace=\dimen120
\@cmidla=\count97
\@cmidlb=\count98
\@aboverulesep=\dimen121
\@belowrulesep=\dimen122
\@thisruleclass=\count99
\@lastruleclass=\count100
\@thisrulewidth=\dimen123
)
(/usr/share/texmf/tex/latex/subfig/subfig.sty
Package: subfig 2004/01/28 ver: 1.2 subfig package

(/usr/share/texmf/tex/latex/caption/caption.sty
Package: caption 2006/01/12 v3.0i Customising captions (AR)

(/usr/share/texmf/tex/latex/caption/caption3.sty
Package: caption3 2006/01/12 v3.0i caption3 kernel (AR)
\captionmargin=\dimen124
\captionmarginx=\dimen125
\captionwidth=\dimen126
\captionindent=\dimen127
\captionparindent=\dimen128
\captionhangindent=\dimen129
)
Package caption Info: hyperref package v6.74m (or newer) detected on input line
 292.
)
\c@KVtest=\count101
\sf@farskip=\skip45
\sf@captopadj=\dimen130
\sf@capskip=\skip46
\sf@nearskip=\skip47
\c@subfigure=\count102
\c@subfigure@save=\count103
\c@lofdepth=\count104
\c@subtable=\count105
\c@subtable@save=\count106
\c@lotdepth=\count107
\sf@top=\skip48
\sf@bottom=\skip49
)
(/usr/share/texmf/tex/latex/tools/array.sty
Package: array 2003/12/17 v2.4a Tabular extension package (FMi)
\col@sep=\dimen131
\extrarowheight=\dimen132
\NC@list=\toks19
\extratabsurround=\skip50
\backup@length=\skip51
)
(/usr/share/texmf/tex/latex/tools/calc.sty
Package: calc 1998/07/07 v4.1b Infix arithmetic (KKT,FJ)
\calc@Acount=\count108
\calc@Bcount=\count109
\calc@Adimen=\dimen133
\calc@Bdimen=\dimen134
\calc@Askip=\skip52
\calc@Bskip=\skip53
LaTeX Info: Redefining \setlength on input line 59.
LaTeX Info: Redefining \addtolength on input line 60.
\calc@denominator=\count110
)
(/usr/share/texmf/tex/latex/fancyhdr/fancyhdr.sty
\fancy@headwidth=\skip54
\f@ncyO@elh=\skip55
\f@ncyO@erh=\skip56
\f@ncyO@olh=\skip57
\f@ncyO@orh=\skip58
\f@ncyO@elf=\skip59
\f@ncyO@erf=\skip60
\f@ncyO@olf=\skip61
\f@ncyO@orf=\skip62
)
(/usr/share/texmf/tex/latex/graphics/color.sty
Package: color 1999/02/16 v1.0i Standard LaTeX Color (DPC)

(/usr/share/texmf/tex/latex/graphics/color.cfg
File: color.cfg 2005/02/03 v1.3 color configuration of teTeX/TeXLive
)
Package color Info: Driver file: pdftex.def on input line 125.
)
(/usr/share/texmf/tex/latex/base/fixltx2e.sty
Package: fixltx2e 2004/02/13 v1.1h fixes to LaTeX
LaTeX Info: Redefining \@fnsymbol on input line 371.
LaTeX Info: Redefining \em on input line 403.
)

! LaTeX Error: Option clash for package natbib.

See the LaTeX manual or LaTeX Companion for explanation.
Type  H <return>  for immediate help.
 ...                                              
                                                  
l.12 \usepackage
                {xr}                 % reference anothe chapter
The package natbib has already been loaded with options:
  []
There has now been an attempt to load it with options
  [round]
Adding the global options:
  ,round
to your \documentclass declaration may fix this.
Try typing  <return>  to proceed.

(/usr/share/texmf/tex/latex/tools/xr.sty
Package: xr 1994/05/28 v5.02 eXternal References (DPC)
)
(/usr/share/texmf/tex/latex/appendix/appendix.sty
Package: appendix 2002/08/06 v1.2 extra appendix facilities
\c@@pps=\count111
\c@@ppsavesec=\count112
\c@@ppsaveapp=\count113
)
(/usr/share/texmf/tex/latex/float/float.sty
Package: float 2001/11/08 v1.3d Float enhancements (AL)
\c@float@type=\count114
\float@exts=\toks20
\float@box=\box27
\@float@everytoks=\toks21
\@floatcapt=\box28
)
(/usr/share/texmf/tex/latex/paralist/paralist.sty
Package: paralist 2002/03/18 v2.3b Extended list environments (BS)
\pltopsep=\skip63
\plpartopsep=\skip64
\plitemsep=\skip65
\plparsep=\skip66
\pl@lab=\toks22
)
(/usr/share/texmf/tex/latex/was/gensymb.sty
Package: gensymb 2003/07/02 v1.0 (WaS)
)
(/usr/share/texmf/tex/latex/rotating/rotating.sty
Package: rotating 1997/09/26 v2.13 Rotation package

(/usr/share/texmf/tex/latex/base/ifthen.sty
Package: ifthen 2001/05/26 v1.1c Standard LaTeX ifthen package (DPC)
)
\c@r@tfl@t=\count115
\rot@float@box=\box29
)
(/usr/share/texmf/tex/latex/threeparttable/threeparttable.sty
Package: threeparttable 2003/06/13  v 3.0
\@tempboxb=\box30
)
(/usr/share/texmf/tex/latex/amsmath/amsmath.sty
Package: amsmath 2000/07/18 v2.13 AMS math features
\@mathmargin=\skip67

For additional information on amsmath, use the `?' option.
(/usr/share/texmf/tex/latex/amsmath/amstext.sty
Package: amstext 2000/06/29 v2.01

(/usr/share/texmf/tex/latex/amsmath/amsgen.sty
File: amsgen.sty 1999/11/30 v2.0
\@emptytoks=\toks23
\ex@=\dimen135
))
(/usr/share/texmf/tex/latex/amsmath/amsbsy.sty
Package: amsbsy 1999/11/29 v1.2d
\pmbraise@=\dimen136
)
(/usr/share/texmf/tex/latex/amsmath/amsopn.sty
Package: amsopn 1999/12/14 v2.01 operator names
)
\inf@bad=\count116
LaTeX Info: Redefining \frac on input line 211.
\uproot@=\count117
\leftroot@=\count118
LaTeX Info: Redefining \overline on input line 307.
\classnum@=\count119
\DOTSCASE@=\count120
LaTeX Info: Redefining \ldots on input line 379.
LaTeX Info: Redefining \dots on input line 382.
LaTeX Info: Redefining \cdots on input line 467.
\Mathstrutbox@=\box31
\strutbox@=\box32
\big@size=\dimen137
LaTeX Font Info:    Redeclaring font encoding OML on input line 567.
LaTeX Font Info:    Redeclaring font encoding OMS on input line 568.
\macc@depth=\count121
\c@MaxMatrixCols=\count122
\dotsspace@=\muskip11
\c@parentequation=\count123
\dspbrk@lvl=\count124
\tag@help=\toks24
\row@=\count125
\column@=\count126
\maxfields@=\count127
\andhelp@=\toks25
\eqnshift@=\dimen138
\alignsep@=\dimen139
\tagshift@=\dimen140
\tagwidth@=\dimen141
\totwidth@=\dimen142
\lineht@=\dimen143
\@envbody=\toks26
\multlinegap=\skip68
\multlinetaggap=\skip69
\mathdisplay@stack=\toks27
LaTeX Info: Redefining \[ on input line 2666.
LaTeX Info: Redefining \] on input line 2667.
)
(/usr/share/texmf/tex/latex/base/textcomp.sty
Package: textcomp 2004/02/22 v1.99f Standard LaTeX package
Package textcomp Info: Sub-encoding information:
(textcomp)               5 = only ISO-Adobe without \textcurrency
(textcomp)               4 = 5 + \texteuro
(textcomp)               3 = 4 + \textohm
(textcomp)               2 = 3 + \textestimated + \textcurrency
(textcomp)               1 = TS1 - \textcircled - \t
(textcomp)               0 = TS1 (full)
(textcomp)             Font families with sub-encoding setting implement
(textcomp)             only a restricted character set as indicated.
(textcomp)             Family '?' is the default used for unknown fonts.
(textcomp)             See the documentation for details.
Package textcomp Info: Setting ? sub-encoding to TS1/1 on input line 71.

(/usr/share/texmf/tex/latex/base/ts1enc.def
File: ts1enc.def 2001/06/05 v3.0e (jk/car/fm) Standard LaTeX file
)
LaTeX Info: Redefining \oldstylenums on input line 266.
Package textcomp Info: Setting cmr sub-encoding to TS1/0 on input line 281.
Package textcomp Info: Setting cmss sub-encoding to TS1/0 on input line 282.
Package textcomp Info: Setting cmtt sub-encoding to TS1/0 on input line 283.
Package textcomp Info: Setting cmvtt sub-encoding to TS1/0 on input line 284.
Package textcomp Info: Setting cmbr sub-encoding to TS1/0 on input line 285.
Package textcomp Info: Setting cmtl sub-encoding to TS1/0 on input line 286.
Package textcomp Info: Setting ccr sub-encoding to TS1/0 on input line 287.
Package textcomp Info: Setting ptm sub-encoding to TS1/4 on input line 288.
Package textcomp Info: Setting pcr sub-encoding to TS1/4 on input line 289.
Package textcomp Info: Setting phv sub-encoding to TS1/4 on input line 290.
Package textcomp Info: Setting ppl sub-encoding to TS1/3 on input line 291.
Package textcomp Info: Setting pag sub-encoding to TS1/4 on input line 292.
Package textcomp Info: Setting pbk sub-encoding to TS1/4 on input line 293.
Package textcomp Info: Setting pnc sub-encoding to TS1/4 on input line 294.
Package textcomp Info: Setting pzc sub-encoding to TS1/4 on input line 295.
Package textcomp Info: Setting bch sub-encoding to TS1/4 on input line 296.
Package textcomp Info: Setting put sub-encoding to TS1/5 on input line 297.
Package textcomp Info: Setting uag sub-encoding to TS1/5 on input line 298.
Package textcomp Info: Setting ugq sub-encoding to TS1/5 on input line 299.
Package textcomp Info: Setting ul8 sub-encoding to TS1/4 on input line 300.
Package textcomp Info: Setting ul9 sub-encoding to TS1/4 on input line 301.
Package textcomp Info: Setting augie sub-encoding to TS1/5 on input line 302.
Package textcomp Info: Setting dayrom sub-encoding to TS1/3 on input line 303.
Package textcomp Info: Setting dayroms sub-encoding to TS1/3 on input line 304.

Package textcomp Info: Setting pxr sub-encoding to TS1/0 on input line 305.
Package textcomp Info: Setting pxss sub-encoding to TS1/0 on input line 306.
Package textcomp Info: Setting pxtt sub-encoding to TS1/0 on input line 307.
Package textcomp Info: Setting txr sub-encoding to TS1/0 on input line 308.
Package textcomp Info: Setting txss sub-encoding to TS1/0 on input line 309.
Package textcomp Info: Setting txtt sub-encoding to TS1/0 on input line 310.
Package textcomp Info: Setting futs sub-encoding to TS1/4 on input line 311.
Package textcomp Info: Setting futx sub-encoding to TS1/4 on input line 312.
Package textcomp Info: Setting futj sub-encoding to TS1/4 on input line 313.
Package textcomp Info: Setting hlh sub-encoding to TS1/3 on input line 314.
Package textcomp Info: Setting hls sub-encoding to TS1/3 on input line 315.
Package textcomp Info: Setting hlst sub-encoding to TS1/3 on input line 316.
Package textcomp Info: Setting hlct sub-encoding to TS1/5 on input line 317.
Package textcomp Info: Setting hlx sub-encoding to TS1/5 on input line 318.
Package textcomp Info: Setting hlce sub-encoding to TS1/5 on input line 319.
Package textcomp Info: Setting hlcn sub-encoding to TS1/5 on input line 320.
Package textcomp Info: Setting hlcw sub-encoding to TS1/5 on input line 321.
Package textcomp Info: Setting hlcf sub-encoding to TS1/5 on input line 322.
Package textcomp Info: Setting pplx sub-encoding to TS1/3 on input line 323.
Package textcomp Info: Setting pplj sub-encoding to TS1/3 on input line 324.
Package textcomp Info: Setting ptmx sub-encoding to TS1/4 on input line 325.
Package textcomp Info: Setting ptmj sub-encoding to TS1/4 on input line 326.
)
(/usr/share/texmf/tex/latex/graphics/lscape.sty
Package: lscape 2000/10/22 v3.01 Landscape Pages (DPC)
)
\rulewidth=\skip70
 (./ch5_v4.aux)
\openout1 = `ch5_v4.aux'.

LaTeX Font Info:    Checking defaults for OML/cmm/m/it on input line 69.
LaTeX Font Info:    ... okay on input line 69.
LaTeX Font Info:    Checking defaults for T1/cmr/m/n on input line 69.
LaTeX Font Info:    ... okay on input line 69.
LaTeX Font Info:    Checking defaults for OT1/cmr/m/n on input line 69.
LaTeX Font Info:    ... okay on input line 69.
LaTeX Font Info:    Checking defaults for OMS/cmsy/m/n on input line 69.
LaTeX Font Info:    ... okay on input line 69.
LaTeX Font Info:    Checking defaults for OMX/cmex/m/n on input line 69.
LaTeX Font Info:    ... okay on input line 69.
LaTeX Font Info:    Checking defaults for U/cmr/m/n on input line 69.
LaTeX Font Info:    ... okay on input line 69.
LaTeX Font Info:    Checking defaults for PD1/pdf/m/n on input line 69.
LaTeX Font Info:    ... okay on input line 69.
LaTeX Font Info:    Checking defaults for TS1/cmr/m/n on input line 69.
LaTeX Font Info:    Try loading font information for TS1+cmr on input line 69.

(/usr/share/texmf/tex/latex/base/ts1cmr.fd
File: ts1cmr.fd 1999/05/25 v2.5h Standard LaTeX font definitions
)
LaTeX Font Info:    ... okay on input line 69.
Package hyperref Info: Link coloring OFF on input line 69.

(/usr/share/texmf/tex/latex/hyperref/nameref.sty
Package: nameref 2003/12/03 v2.21 Cross-referencing by name of section
\c@section@level=\count128
)
LaTeX Info: Redefining \ref on input line 69.
LaTeX Info: Redefining \pageref on input line 69.
 (./ch5_v4.out) (./ch5_v4.out)
\openout3 = `ch5_v4.out'.

(/usr/share/texmf/tex/context/base/supp-pdf.tex
(/usr/share/texmf/tex/context/base/supp-mis.tex
loading : Context Support Macros / Miscellaneous (2004.10.26)
\protectiondepth=\count129
\scratchcounter=\count130
\scratchtoks=\toks28
\scratchdimen=\dimen144
\scratchskip=\skip71
\scratchmuskip=\muskip12
\scratchbox=\box33
\scratchread=\read1
\scratchwrite=\write4
\zeropoint=\dimen145
\onepoint=\dimen146
\onebasepoint=\dimen147
\minusone=\count131
\thousandpoint=\dimen148
\onerealpoint=\dimen149
\emptytoks=\toks29
\nextbox=\box34
\nextdepth=\dimen150
\everyline=\toks30
\!!counta=\count132
\!!countb=\count133
\recursecounter=\count134
)
loading : Context Support Macros / PDF (2004.03.26)
\nofMPsegments=\count135
\nofMParguments=\count136
\MPscratchCnt=\count137
\MPscratchDim=\dimen151
\MPnumerator=\count138
\everyMPtoPDFconversion=\toks31
) (/usr/share/texmf/tex/latex/ms/ragged2e.sty
Package: ragged2e 2003/03/25 v2.04 ragged2e Package (MS)

(/usr/share/texmf/tex/latex/ms/everysel.sty
Package: everysel 1999/06/08 v1.03 EverySelectfont Package (MS)
LaTeX Info: Redefining \selectfont on input line 125.
)
\CenteringLeftskip=\skip72
\RaggedLeftLeftskip=\skip73
\RaggedRightLeftskip=\skip74
\CenteringRightskip=\skip75
\RaggedLeftRightskip=\skip76
\RaggedRightRightskip=\skip77
\CenteringParfillskip=\skip78
\RaggedLeftParfillskip=\skip79
\RaggedRightParfillskip=\skip80
\JustifyingParfillskip=\skip81
\CenteringParindent=\skip82
\RaggedLeftParindent=\skip83
\RaggedRightParindent=\skip84
\JustifyingParindent=\skip85
)
Package caption Info: float package v1.3 (or newer) detected on input line 69.
Package caption Info: rotating package v2.0 (or newer) detected on input line 6
9.
\symgns@font=\mathgroup6
LaTeX Font Info:    Overwriting symbol font `gns@font' in version `bold'
(Font)                  TS1/cmr/m/n --> TS1/cmr/bx/n on input line 69.
Package gensymb Info: Math companion symbols declared on input line 69.
LaTeX Info: Redefining \degree on input line 69.
LaTeX Info: Redefining \celsius on input line 69.
Package gensymb Info: Using text companion symbols for \degree, \celsius and \p
erthousand on input line 69.
LaTeX Info: Redefining \ohm on input line 69.
Package gensymb Info: Using \textohm for \ohm on input line 69.
Package gensymb Info: Using \textmu for \micro on input line 69.
LaTeX Font Info:    Try loading font information for U+msa on input line 71.

(/usr/share/texmf/tex/latex/amsfonts/umsa.fd
File: umsa.fd 2002/01/19 v2.2g AMS font definitions
)
LaTeX Font Info:    Try loading font information for U+msb on input line 71.

(/usr/share/texmf/tex/latex/amsfonts/umsb.fd
File: umsb.fd 2002/01/19 v2.2g AMS font definitions
) [1

{/usr/share/texmf-var/fonts/map/pdftex/updmap/pdftex.map}]
Chapter 5.
! pdfTeX warning (ext4): destination with the same identifier (name{page.1}) ha
s been already used, duplicate ignored
<to be read again> 
                   \penalty 
l.84 
      [1

]

Package Fancyhdr Warning: \headheight is too small (12.0pt): 
 Make it at least 13.59999pt.
 We now make it that large for the rest of the document.
 This may cause the page layout to be inconsistent, however.

[2]
</home/mn811042/Thesis/chapter5/figures/section3/sites_map.png, id=84, 1734.48p
t x 1445.4pt>
File: /home/mn811042/Thesis/chapter5/figures/section3/sites_map.png Graphic fil
e (type png)

<use /home/mn811042/Thesis/chapter5/figures/section3/sites_map.png>
Overfull \hbox (3.08246pt too wide) in paragraph at lines 115--115
[]|\OT1/cmr/bx/n/10.95 Country| 
 []


Underfull \hbox (badness 10000) in paragraph at lines 118--118
[]|\OT1/cmr/m/n/10.95 NSA-OBS-
 []


Underfull \hbox (badness 10000) in paragraph at lines 118--118
[]|\OT1/cmr/m/n/10.95 Black
 []


Underfull \hbox (badness 10000) in paragraph at lines 119--119
[]|\OT1/cmr/m/n/10.95 NSA-OJP-
 []


Underfull \hbox (badness 10000) in paragraph at lines 120--120
[]|\OT1/cmr/m/n/10.95 NSA-YJP-
 []


Underfull \hbox (badness 10000) in paragraph at lines 121--121
[]|\OT1/cmr/m/n/10.95 SSA-OBS-
 []


Underfull \hbox (badness 10000) in paragraph at lines 121--121
[]|\OT1/cmr/m/n/10.95 Black
 []


Underfull \hbox (badness 10000) in paragraph at lines 122--122
[]|\OT1/cmr/m/n/10.95 SSA-OJP-
 []


Underfull \hbox (badness 10000) in paragraph at lines 123--123
[]|\OT1/cmr/m/n/10.95 SSA-YJP-
 []


Underfull \hbox (badness 10000) in paragraph at lines 124--124
[]|\OT1/cmr/m/n/10.95 Temperate
 []


Underfull \hbox (badness 10000) in paragraph at lines 124--124
\OT1/cmr/m/n/10.95 Mediter-
 []


Underfull \hbox (badness 10000) in paragraph at lines 124--124
[]|\OT1/cmr/m/n/10.95 Ponderosa
 []


Underfull \hbox (badness 10000) in paragraph at lines 124--125
[]|[]\OT1/cmr/m/n/10.95 De Kauwe
 []


Underfull \hbox (badness 10000) in paragraph at lines 124--125
[]\OT1/cmr/m/n/10.95 Thomas
 []


Underfull \hbox (badness 10000) in paragraph at lines 125--125
[]|\OT1/cmr/m/n/10.95 Temperate
 []


Underfull \hbox (badness 10000) in paragraph at lines 125--125
\OT1/cmr/m/n/10.95 Mediter-
 []


Underfull \hbox (badness 10000) in paragraph at lines 125--125
[]|\OT1/cmr/m/n/10.95 Ponderosa
 []


Underfull \hbox (badness 10000) in paragraph at lines 125--126
[]|[]\OT1/cmr/m/n/10.95 De Kauwe
 []


Underfull \hbox (badness 3407) in paragraph at lines 125--126
[]\OT1/cmr/m/n/10.95 Law et al.[]
 []


Underfull \hbox (badness 2050) in paragraph at lines 126--127
[]|[]\OT1/cmr/m/n/10.95 Hadley and
 []


Underfull \hbox (badness 10000) in paragraph at lines 126--127
\OT1/cmr/m/n/10.95 Schedl-bauer[]
 []


Underfull \hbox (badness 10000) in paragraph at lines 129--129
[]|\OT1/cmr/m/n/10.95 Temperate
 []


Underfull \hbox (badness 1701) in paragraph at lines 129--129
[]|\OT1/cmr/m/n/10.95 Oak Wood-
 []


Underfull \hbox (badness 10000) in paragraph at lines 129--130
[]|[]\OT1/cmr/m/n/10.95 Wilkinson
 []


Underfull \hbox (badness 10000) in paragraph at lines 132--132
[]|\OT1/cmr/m/n/10.95 SSA-OBS-
 []


Overfull \hbox (9.96416pt too wide) in paragraph at lines 135--135
[]|\OT1/cmr/m/n/10.95 Mediterranean| 
 []


Underfull \hbox (badness 3407) in paragraph at lines 135--136
[]|[]\OT1/cmr/m/n/10.95 Ryu et al.[]
 []

Adding sideways figure on  right hand page

Package Fancyhdr Warning: \headheight is too small (12.0pt): 
 Make it at least 13.59999pt.
 We now make it that large for the rest of the document.
 This may cause the page layout to be inconsistent, however.

[3]

Package Fancyhdr Warning: \headheight is too small (12.0pt): 
 Make it at least 13.59999pt.
 We now make it that large for the rest of the document.
 This may cause the page layout to be inconsistent, however.

[4
! pdfTeX warning (ext4): destination with the same identifier (name{table.5.1})
 has been already used, duplicate ignored
<to be read again> 
                   \endgroup \set@typeset@protect 
l.145 \newpage
              ]

Package Fancyhdr Warning: \headheight is too small (12.0pt): 
 Make it at least 13.59999pt.
 We now make it that large for the rest of the document.
 This may cause the page layout to be inconsistent, however.

[5
! pdfTeX warning (ext4): destination with the same identifier (name{figure.5.1}
) has been already used, duplicate ignored
<to be read again> 
                   \endgroup \set@typeset@protect 
l.150 
       </home/mn811042/Thesis/chapter5/figures/section3/sites_map.png>]
</home/mn811042/Thesis/chapter5/figures/section1/Pgap_average_tonzi_18.png, id=
171, 2168.1pt x 2023.56pt>
File: /home/mn811042/Thesis/chapter5/figures/section1/Pgap_average_tonzi_18.png
 Graphic file (type png)

<use /home/mn811042/Thesis/chapter5/figures/section1/Pgap_average_tonzi_18.png>

</home/mn811042/Thesis/chapter5/figures/section1/Pgap_average_SSA-9OA-FLXTR.png
, id=172, 2168.1pt x 2023.56pt>
File: /home/mn811042/Thesis/chapter5/figures/section1/Pgap_average_SSA-9OA-FLXT
R.png Graphic file (type png)

<use /home/mn811042/Thesis/chapter5/figures/section1/Pgap_average_SSA-9OA-FLXTR
.png>
</home/mn811042/Thesis/chapter5/figures/section1/Pgap_average_NSA-OBS-FLXTR.png
, id=173, 2168.1pt x 2023.56pt>
File: /home/mn811042/Thesis/chapter5/figures/section1/Pgap_average_NSA-OBS-FLXT
R.png Graphic file (type png)

<use /home/mn811042/Thesis/chapter5/figures/section1/Pgap_average_NSA-OBS-FLXTR
.png>
Overfull \hbox (15.03442pt too wide) in paragraph at lines 153--158
 [][] 
 []


</home/mn811042/Thesis/chapter5/figures/section1/Pgap_average_NSA-OJP-FLXTR.png
, id=174, 2168.1pt x 2023.56pt>
File: /home/mn811042/Thesis/chapter5/figures/section1/Pgap_average_NSA-OJP-FLXT
R.png Graphic file (type png)

<use /home/mn811042/Thesis/chapter5/figures/section1/Pgap_average_NSA-OJP-FLXTR
.png>
</home/mn811042/Thesis/chapter5/figures/section1/Pgap_average_NSA-YJP-FLXTR.png
, id=175, 2168.1pt x 2023.56pt>
File: /home/mn811042/Thesis/chapter5/figures/section1/Pgap_average_NSA-YJP-FLXT
R.png Graphic file (type png)

<use /home/mn811042/Thesis/chapter5/figures/section1/Pgap_average_NSA-YJP-FLXTR
.png>
</home/mn811042/Thesis/chapter5/figures/section1/Pgap_average_all_alice.png, id
=176, 2168.1pt x 2023.56pt>
File: /home/mn811042/Thesis/chapter5/figures/section1/Pgap_average_all_alice.pn
g Graphic file (type png)

<use /home/mn811042/Thesis/chapter5/figures/section1/Pgap_average_all_alice.png
>
Overfull \hbox (15.03442pt too wide) in paragraph at lines 159--164
 [][] 
 []


</home/mn811042/Thesis/chapter5/figures/section1/Pgap_average_SSA-OBS-FLXTR.png
, id=177, 2168.1pt x 2023.56pt>
File: /home/mn811042/Thesis/chapter5/figures/section1/Pgap_average_SSA-OBS-FLXT
R.png Graphic file (type png)

<use /home/mn811042/Thesis/chapter5/figures/section1/Pgap_average_SSA-OBS-FLXTR
.png>
</home/mn811042/Thesis/chapter5/figures/section1/Pgap_average_SSA-OJP-FLXTR.png
, id=178, 2168.1pt x 2023.56pt>
File: /home/mn811042/Thesis/chapter5/figures/section1/Pgap_average_SSA-OJP-FLXT
R.png Graphic file (type png)

<use /home/mn811042/Thesis/chapter5/figures/section1/Pgap_average_SSA-OJP-FLXTR
.png>
</home/mn811042/Thesis/chapter5/figures/section1/Pgap_average_SSA-YJP-FLXTR.png
, id=179, 2168.1pt x 2023.56pt>
File: /home/mn811042/Thesis/chapter5/figures/section1/Pgap_average_SSA-YJP-FLXT
R.png Graphic file (type png)

<use /home/mn811042/Thesis/chapter5/figures/section1/Pgap_average_SSA-YJP-FLXTR
.png>
Overfull \hbox (15.03442pt too wide) in paragraph at lines 165--170
 [][] 
 []


</home/mn811042/Thesis/chapter5/figures/section1/Pgap_average_oregon_inter.png,
 id=180, 2168.1pt x 2023.56pt>
File: /home/mn811042/Thesis/chapter5/figures/section1/Pgap_average_oregon_inter
.png Graphic file (type png)

<use /home/mn811042/Thesis/chapter5/figures/section1/Pgap_average_oregon_inter.
png>
</home/mn811042/Thesis/chapter5/figures/section1/Pgap_average_oregon_mature.png
, id=181, 2168.1pt x 2023.56pt>
File: /home/mn811042/Thesis/chapter5/figures/section1/Pgap_average_oregon_matur
e.png Graphic file (type png)

<use /home/mn811042/Thesis/chapter5/figures/section1/Pgap_average_oregon_mature
.png>
</home/mn811042/Thesis/chapter5/figures/section1/Pgap_average_hemlock_sep_2015.
png, id=182, 2168.1pt x 2023.56pt>
File: /home/mn811042/Thesis/chapter5/figures/section1/Pgap_average_hemlock_sep_
2015.png Graphic file (type png)

<use /home/mn811042/Thesis/chapter5/figures/section1/Pgap_average_hemlock_sep_2
015.png>
Overfull \hbox (15.03442pt too wide) in paragraph at lines 171--176
 [][] 
 []


LaTeX Warning: Float too large for page by 15.77902pt on input line 179.


Overfull \hbox (8.50317pt too wide) in paragraph at lines 187--187
[]\OT1/cmr/bx/n/14.4 Comparison be-tween mod-elled and ob-served di-rect trans-

 []


Package Fancyhdr Warning: \headheight is too small (12.0pt): 
 Make it at least 13.59999pt.
 We now make it that large for the rest of the document.
 This may cause the page layout to be inconsistent, however.

[6]

Package Fancyhdr Warning: \headheight is too small (12.0pt): 
 Make it at least 13.59999pt.
 We now make it that large for the rest of the document.
 This may cause the page layout to be inconsistent, however.

[7
! pdfTeX warning (ext4): destination with the same identifier (name{figure.5.2}
) has been already used, duplicate ignored
<to be read again> 
                   \endgroup \set@typeset@protect 
l.190 
       </home/mn811042/Thesis/chapter5/figures/section1/Pgap_average_tonzi_18.p
ng> </home/mn811042/Thesis/chapter5/figures/section1/Pgap_average_SSA-9OA-FLXTR
.png> </home/mn811042/Thesis/chapter5/figures/section1/Pgap_average_NSA-OBS-FLX
TR.png> </home/mn811042/Thesis/chapter5/figures/section1/Pgap_average_NSA-OJP-F
LXTR.png> </home/mn811042/Thesis/chapter5/figures/section1/Pgap_average_NSA-YJP
-FLXTR.png> </home/mn811042/Thesis/chapter5/figures/section1/Pgap_average_all_a
lice.png> </home/mn811042/Thesis/chapter5/figures/section1/Pgap_average_SSA-OBS
-FLXTR.png> </home/mn811042/Thesis/chapter5/figures/section1/Pgap_average_SSA-O
JP-FLXTR.png> </home/mn811042/Thesis/chapter5/figures/section1/Pgap_average_SSA
-YJP-FLXTR.png> </home/mn811042/Thesis/chapter5/figures/section1/Pgap_average_o
regon_inter.png> </home/mn811042/Thesis/chapter5/figures/section1/Pgap_average_
oregon_mature.png> </home/mn811042/Thesis/chapter5/figures/section1/Pgap_averag
e_hemlock_sep_2015.png>]
</home/mn811042/Thesis/chapter5/figures/section2/SSA-9OA_tree_plot.png, id=227,
 679.03688pt x 599.23875pt>
File: /home/mn811042/Thesis/chapter5/figures/section2/SSA-9OA_tree_plot.png Gra
phic file (type png)

<use /home/mn811042/Thesis/chapter5/figures/section2/SSA-9OA_tree_plot.png>
</home/mn811042/Thesis/chapter5/figures/section2/Tonzi_ranch_tree_plot.png, id=
228, 679.03688pt x 599.23875pt>
File: /home/mn811042/Thesis/chapter5/figures/section2/Tonzi_ranch_tree_plot.png
 Graphic file (type png)

<use /home/mn811042/Thesis/chapter5/figures/section2/Tonzi_ranch_tree_plot.png>

</home/mn811042/Thesis/chapter5/figures/section2/SSA-OA-BOREAS-3.png, id=229, 6
38.385pt x 353.82187pt>
File: /home/mn811042/Thesis/chapter5/figures/section2/SSA-OA-BOREAS-3.png Graph
ic file (type png)

<use /home/mn811042/Thesis/chapter5/figures/section2/SSA-OA-BOREAS-3.png>
</home/mn811042/Thesis/chapter5/figures/section2/tonzi_ranch_300.png, id=231, 1
671.24374pt x 887.315pt>
File: /home/mn811042/Thesis/chapter5/figures/section2/tonzi_ranch_300.png Graph
ic file (type png)

<use /home/mn811042/Thesis/chapter5/figures/section2/tonzi_ranch_300.png>
</home/mn811042/Thesis/chapter5/figures/section2/Pgap_ssa_oa_dhp_maespa.png, id
=233, 2168.1pt x 2023.56pt>
File: /home/mn811042/Thesis/chapter5/figures/section2/Pgap_ssa_oa_dhp_maespa.pn
g Graphic file (type png)

<use /home/mn811042/Thesis/chapter5/figures/section2/Pgap_ssa_oa_dhp_maespa.png
>
</home/mn811042/Thesis/chapter5/figures/section2/Pgap_tonzi_dhp_maespa.png, id=
235, 2168.1pt x 2023.56pt>
File: /home/mn811042/Thesis/chapter5/figures/section2/Pgap_tonzi_dhp_maespa.png
 Graphic file (type png)

<use /home/mn811042/Thesis/chapter5/figures/section2/Pgap_tonzi_dhp_maespa.png>

Overfull \hbox (15.65pt too wide) in paragraph at lines 195--207
 [] 
 []


Overfull \hbox (15.65pt too wide) in paragraph at lines 195--207
 [] 
 []


Package Fancyhdr Warning: \headheight is too small (12.0pt): 
 Make it at least 13.59999pt.
 We now make it that large for the rest of the document.
 This may cause the page layout to be inconsistent, however.

[8]

Package Fancyhdr Warning: \headheight is too small (12.0pt): 
 Make it at least 13.59999pt.
 We now make it that large for the rest of the document.
 This may cause the page layout to be inconsistent, however.

[9
! pdfTeX warning (ext4): destination with the same identifier (name{figure.5.3}
) has been already used, duplicate ignored
<to be read again> 
                   \endgroup \set@typeset@protect 
l.214 
       </home/mn811042/Thesis/chapter5/figures/section2/SSA-OA-BOREAS-3.png> </
home/mn811042/Thesis/chapter5/figures/section2/tonzi_ranch_300.png> </home/mn81
1042/Thesis/chapter5/figures/section2/Pgap_ssa_oa_dhp_maespa.png> </home/mn8110
42/Thesis/chapter5/figures/section2/Pgap_tonzi_dhp_maespa.png> </home/mn811042/
Thesis/chapter5/figures/section2/SSA-9OA_tree_plot.png> </home/mn811042/Thesis/
chapter5/figures/section2/Tonzi_ranch_tree_plot.png>]

Package Fancyhdr Warning: \headheight is too small (12.0pt): 
 Make it at least 13.59999pt.
 We now make it that large for the rest of the document.
 This may cause the page layout to be inconsistent, however.

[10]

Package Fancyhdr Warning: \headheight is too small (12.0pt): 
 Make it at least 13.59999pt.
 We now make it that large for the rest of the document.
 This may cause the page layout to be inconsistent, however.

[11]
</home/mn811042/Thesis/chapter5/figures/section3/SSA-9OA-FLXTR_adj_nilson.png, 
id=290, 2168.1pt x 2168.1pt>
File: /home/mn811042/Thesis/chapter5/figures/section3/SSA-9OA-FLXTR_adj_nilson.
png Graphic file (type png)

<use /home/mn811042/Thesis/chapter5/figures/section3/SSA-9OA-FLXTR_adj_nilson.p
ng>
</home/mn811042/Thesis/chapter5/figures/section3/SSA-9OA-FLXTR_pinty.png, id=29
1, 2168.1pt x 2168.1pt>
File: /home/mn811042/Thesis/chapter5/figures/section3/SSA-9OA-FLXTR_pinty.png G
raphic file (type png)

<use /home/mn811042/Thesis/chapter5/figures/section3/SSA-9OA-FLXTR_pinty.png>
</home/mn811042/Thesis/chapter5/figures/section3/tonzi_adj_nilson.png, id=292, 
2168.1pt x 2168.1pt>
File: /home/mn811042/Thesis/chapter5/figures/section3/tonzi_adj_nilson.png Grap
hic file (type png)

<use /home/mn811042/Thesis/chapter5/figures/section3/tonzi_adj_nilson.png>
</home/mn811042/Thesis/chapter5/figures/section3/tonzi_adj_pinty.png, id=293, 2
168.1pt x 2168.1pt>
File: /home/mn811042/Thesis/chapter5/figures/section3/tonzi_adj_pinty.png Graph
ic file (type png)

<use /home/mn811042/Thesis/chapter5/figures/section3/tonzi_adj_pinty.png>

Package Fancyhdr Warning: \headheight is too small (12.0pt): 
 Make it at least 13.59999pt.
 We now make it that large for the rest of the document.
 This may cause the page layout to be inconsistent, however.

[12]
Overfull \hbox (2.10686pt too wide) in paragraph at lines 271--322
[][]
 []

Adding sideways figure on  right hand page

Package Fancyhdr Warning: \headheight is too small (12.0pt): 
 Make it at least 13.59999pt.
 We now make it that large for the rest of the document.
 This may cause the page layout to be inconsistent, however.

[13
! pdfTeX warning (ext4): destination with the same identifier (name{figure.5.4}
) has been already used, duplicate ignored
<to be read again> 
                   \endgroup \set@typeset@protect 
l.326 \newpage
               </home/mn811042/Thesis/chapter5/figures/section3/SSA-9OA-FLXTR_a
dj_nilson.png> </home/mn811042/Thesis/chapter5/figures/section3/SSA-9OA-FLXTR_p
inty.png> </home/mn811042/Thesis/chapter5/figures/section3/tonzi_adj_nilson.png
> </home/mn811042/Thesis/chapter5/figures/section3/tonzi_adj_pinty.png>]

Package Fancyhdr Warning: \headheight is too small (12.0pt): 
 Make it at least 13.59999pt.
 We now make it that large for the rest of the document.
 This may cause the page layout to be inconsistent, however.

[14
! pdfTeX warning (ext4): destination with the same identifier (name{table.5.2})
 has been already used, duplicate ignored
<to be read again> 
                   \endgroup \set@typeset@protect 
l.326 \newpage
              ]
! Undefined control sequence.
l.328 ...popular measures of model\textsinglequote
                                                   s parsimony were the Akai...
The control sequence at the end of the top line
of your error message was never \def'ed. If you have
misspelled it (e.g., `\hobx'), type `I' and the correct
spelling (e.g., `I\hbox'). Otherwise just continue,
and I'll forget about whatever was undefined.


</home/mn811042/Thesis/chapter5/figures/section3/LAI_r_pinty.png, id=340, 2168.
1pt x 2168.1pt>
File: /home/mn811042/Thesis/chapter5/figures/section3/LAI_r_pinty.png Graphic f
ile (type png)

<use /home/mn811042/Thesis/chapter5/figures/section3/LAI_r_pinty.png>
</home/mn811042/Thesis/chapter5/figures/section3/LAI_r_AIC_dif.png, id=341, 216
8.1pt x 2168.1pt>
File: /home/mn811042/Thesis/chapter5/figures/section3/LAI_r_AIC_dif.png Graphic
 file (type png)

<use /home/mn811042/Thesis/chapter5/figures/section3/LAI_r_AIC_dif.png>
Overfull \hbox (15.65pt too wide) in paragraph at lines 335--339
 [][] 
 []


Package Fancyhdr Warning: \headheight is too small (12.0pt): 
 Make it at least 13.59999pt.
 We now make it that large for the rest of the document.
 This may cause the page layout to be inconsistent, however.

[15]

Package Fancyhdr Warning: \headheight is too small (12.0pt): 
 Make it at least 13.59999pt.
 We now make it that large for the rest of the document.
 This may cause the page layout to be inconsistent, however.

[16
! pdfTeX warning (ext4): destination with the same identifier (name{figure.5.5}
) has been already used, duplicate ignored
<to be read again> 
                   \endgroup \set@typeset@protect 
l.352 
       </home/mn811042/Thesis/chapter5/figures/section3/LAI_r_pinty.png> </home
/mn811042/Thesis/chapter5/figures/section3/LAI_r_AIC_dif.png>]

Package Fancyhdr Warning: \headheight is too small (12.0pt): 
 Make it at least 13.59999pt.
 We now make it that large for the rest of the document.
 This may cause the page layout to be inconsistent, however.

[17]

Package Fancyhdr Warning: \headheight is too small (12.0pt): 
 Make it at least 13.59999pt.
 We now make it that large for the rest of the document.
 This may cause the page layout to be inconsistent, however.

[18]
</home/mn811042/Thesis/chapter5/figures/section4/SSA-OA-fapar_diff_comparison_M
AESPA.png, id=403, 3468.96pt x 2312.64pt>
File: /home/mn811042/Thesis/chapter5/figures/section4/SSA-OA-fapar_diff_compari
son_MAESPA.png Graphic file (type png)

<use /home/mn811042/Thesis/chapter5/figures/section4/SSA-OA-fapar_diff_comparis
on_MAESPA.png>
</home/mn811042/Thesis/chapter5/figures/section4/Tonzi-_fapar_diff_maespa_compa
rison.png, id=404, 3468.96pt x 2312.64pt>
File: /home/mn811042/Thesis/chapter5/figures/section4/Tonzi-_fapar_diff_maespa_
comparison.png Graphic file (type png)

<use /home/mn811042/Thesis/chapter5/figures/section4/Tonzi-_fapar_diff_maespa_c
omparison.png>
</home/mn811042/Thesis/chapter5/figures/section4/SSA-OA-gpp_diff_comparison.png
, id=405, 3468.96pt x 2312.64pt>
File: /home/mn811042/Thesis/chapter5/figures/section4/SSA-OA-gpp_diff_compariso
n.png Graphic file (type png)

<use /home/mn811042/Thesis/chapter5/figures/section4/SSA-OA-gpp_diff_comparison
.png>
</home/mn811042/Thesis/chapter5/figures/section4/Tonzi-gpp_comparison.png, id=4
06, 3468.96pt x 2312.64pt>
File: /home/mn811042/Thesis/chapter5/figures/section4/Tonzi-gpp_comparison.png 
Graphic file (type png)

<use /home/mn811042/Thesis/chapter5/figures/section4/Tonzi-gpp_comparison.png>
</home/mn811042/Thesis/chapter5/figures/section4/SSA-OA-RMSE_gpp_diff_compariso
n.png, id=407, 3468.96pt x 2312.64pt>
File: /home/mn811042/Thesis/chapter5/figures/section4/SSA-OA-RMSE_gpp_diff_comp
arison.png Graphic file (type png)

<use /home/mn811042/Thesis/chapter5/figures/section4/SSA-OA-RMSE_gpp_diff_compa
rison.png>
</home/mn811042/Thesis/chapter5/figures/section4/Tonzi_RMSE_gpp_comparison_2.pn
g, id=408, 3468.96pt x 2312.64pt>
File: /home/mn811042/Thesis/chapter5/figures/section4/Tonzi_RMSE_gpp_comparison
_2.png Graphic file (type png)

<use /home/mn811042/Thesis/chapter5/figures/section4/Tonzi_RMSE_gpp_comparison_
2.png>
Overfull \hbox (15.65pt too wide) in paragraph at lines 362--376
 [][] 
 []


Overfull \hbox (15.65pt too wide) in paragraph at lines 362--376
 [] 
 []


Overfull \hbox (15.65pt too wide) in paragraph at lines 362--376
 [] 
 []


Package Fancyhdr Warning: \headheight is too small (12.0pt): 
 Make it at least 13.59999pt.
 We now make it that large for the rest of the document.
 This may cause the page layout to be inconsistent, however.

[19]

Package Fancyhdr Warning: \headheight is too small (12.0pt): 
 Make it at least 13.59999pt.
 We now make it that large for the rest of the document.
 This may cause the page layout to be inconsistent, however.

[20
! pdfTeX warning (ext4): destination with the same identifier (name{figure.5.6}
) has been already used, duplicate ignored
<to be read again> 
                   \endgroup \set@typeset@protect 
l.383 
       </home/mn811042/Thesis/chapter5/figures/section4/SSA-OA-fapar_diff_compa
rison_MAESPA.png> </home/mn811042/Thesis/chapter5/figures/section4/Tonzi-_fapar
_diff_maespa_comparison.png> </home/mn811042/Thesis/chapter5/figures/section4/S
SA-OA-gpp_diff_comparison.png> </home/mn811042/Thesis/chapter5/figures/section4
/Tonzi-gpp_comparison.png> </home/mn811042/Thesis/chapter5/figures/section4/SSA
-OA-RMSE_gpp_diff_comparison.png> </home/mn811042/Thesis/chapter5/figures/secti
on4/Tonzi_RMSE_gpp_comparison_2.png>]

Package Fancyhdr Warning: \headheight is too small (12.0pt): 
 Make it at least 13.59999pt.
 We now make it that large for the rest of the document.
 This may cause the page layout to be inconsistent, however.

[21]
</home/mn811042/Thesis/chapter5/figures/section4/gpp_vertical_lai_463_can_rad_5
_diff_default_cosz_clearer.png, id=440, 722.7pt x 722.7pt>
File: /home/mn811042/Thesis/chapter5/figures/section4/gpp_vertical_lai_463_can_
rad_5_diff_default_cosz_clearer.png Graphic file (type png)

<use /home/mn811042/Thesis/chapter5/figures/section4/gpp_vertical_lai_463_can_r
ad_5_diff_default_cosz_clearer.png>
</home/mn811042/Thesis/chapter5/figures/section4/gpp_vertical_lai_070_can_rad_5
_diff_default_cosz_clearer.png, id=441, 722.7pt x 722.7pt>
File: /home/mn811042/Thesis/chapter5/figures/section4/gpp_vertical_lai_070_can_
rad_5_diff_default_cosz_clearer.png Graphic file (type png)

<use /home/mn811042/Thesis/chapter5/figures/section4/gpp_vertical_lai_070_can_r
ad_5_diff_default_cosz_clearer.png>
</home/mn811042/Thesis/chapter5/figures/section4/gpp_anomaly_lai_463_CRM_5_ci_t
ot_cosz.png, id=442, 722.7pt x 722.7pt>
File: /home/mn811042/Thesis/chapter5/figures/section4/gpp_anomaly_lai_463_CRM_5
_ci_tot_cosz.png Graphic file (type png)

<use /home/mn811042/Thesis/chapter5/figures/section4/gpp_anomaly_lai_463_CRM_5_
ci_tot_cosz.png>
</home/mn811042/Thesis/chapter5/figures/section4/gpp_anomaly_lai_070_CRM_5_ci_t
ot_cosz.png, id=443, 722.7pt x 722.7pt>
File: /home/mn811042/Thesis/chapter5/figures/section4/gpp_anomaly_lai_070_CRM_5
_ci_tot_cosz.png Graphic file (type png)

<use /home/mn811042/Thesis/chapter5/figures/section4/gpp_anomaly_lai_070_CRM_5_
ci_tot_cosz.png>
</home/mn811042/Thesis/chapter5/figures/section4/gpp_anomaly_lai_463_CRM_5_sf_t
ot_cosz.png, id=444, 722.7pt x 722.7pt>
File: /home/mn811042/Thesis/chapter5/figures/section4/gpp_anomaly_lai_463_CRM_5
_sf_tot_cosz.png Graphic file (type png)

<use /home/mn811042/Thesis/chapter5/figures/section4/gpp_anomaly_lai_463_CRM_5_
sf_tot_cosz.png>
</home/mn811042/Thesis/chapter5/figures/section4/gpp_anomaly_lai_070_CRM_5_sf_t
ot_cosz.png, id=445, 722.7pt x 722.7pt>
File: /home/mn811042/Thesis/chapter5/figures/section4/gpp_anomaly_lai_070_CRM_5
_sf_tot_cosz.png Graphic file (type png)

<use /home/mn811042/Thesis/chapter5/figures/section4/gpp_anomaly_lai_070_CRM_5_
sf_tot_cosz.png>

Package Fancyhdr Warning: \headheight is too small (12.0pt): 
 Make it at least 13.59999pt.
 We now make it that large for the rest of the document.
 This may cause the page layout to be inconsistent, however.

[22]

Package Fancyhdr Warning: \headheight is too small (12.0pt): 
 Make it at least 13.59999pt.
 We now make it that large for the rest of the document.
 This may cause the page layout to be inconsistent, however.

[23
! pdfTeX warning (ext4): destination with the same identifier (name{figure.5.7}
) has been already used, duplicate ignored
<to be read again> 
                   \endgroup \set@typeset@protect 
l.418 I
       n Section~\ref{section:statistical}, for all study sites the correlat...
 </home/mn811042/Thesis/chapter5/figures/section4/gpp_vertical_lai_463_can_rad_
5_diff_default_cosz_clearer.png> </home/mn811042/Thesis/chapter5/figures/sectio
n4/gpp_vertical_lai_070_can_rad_5_diff_default_cosz_clearer.png> </home/mn81104
2/Thesis/chapter5/figures/section4/gpp_anomaly_lai_463_CRM_5_ci_tot_cosz.png> <
/home/mn811042/Thesis/chapter5/figures/section4/gpp_anomaly_lai_070_CRM_5_ci_to
t_cosz.png> </home/mn811042/Thesis/chapter5/figures/section4/gpp_anomaly_lai_46
3_CRM_5_sf_tot_cosz.png> </home/mn811042/Thesis/chapter5/figures/section4/gpp_a
nomaly_lai_070_CRM_5_sf_tot_cosz.png>]

Package Fancyhdr Warning: \headheight is too small (12.0pt): 
 Make it at least 13.59999pt.
 We now make it that large for the rest of the document.
 This may cause the page layout to be inconsistent, however.

[24]

Package Fancyhdr Warning: \headheight is too small (12.0pt): 
 Make it at least 13.59999pt.
 We now make it that large for the rest of the document.
 This may cause the page layout to be inconsistent, however.

[25] (./ch5_v4.bbl
! Extra }, or forgotten \endgroup.
l.17 }
      
I've deleted a group-closing symbol because it seems to be
spurious, as in `$x}$'. But perhaps the } is legitimate and
you forgot something else, as in `\hbox{$x}'. In such cases
the way to recover is to insert both the forgotten and the
deleted material, e.g., by typing `I$}'.

! Extra }, or forgotten \endgroup.
l.23 }
      
I've deleted a group-closing symbol because it seems to be
spurious, as in `$x}$'. But perhaps the } is legitimate and
you forgot something else, as in `\hbox{$x}'. In such cases
the way to recover is to insert both the forgotten and the
deleted material, e.g., by typing `I$}'.

! Extra }, or forgotten \endgroup.
l.39 }
      
I've deleted a group-closing symbol because it seems to be
spurious, as in `$x}$'. But perhaps the } is legitimate and
you forgot something else, as in `\hbox{$x}'. In such cases
the way to recover is to insert both the forgotten and the
deleted material, e.g., by typing `I$}'.

[26

]
! Extra }, or forgotten \endgroup.
l.67 }
      
I've deleted a group-closing symbol because it seems to be
spurious, as in `$x}$'. But perhaps the } is legitimate and
you forgot something else, as in `\hbox{$x}'. In such cases
the way to recover is to insert both the forgotten and the
deleted material, e.g., by typing `I$}'.


Underfull \hbox (badness 1122) in paragraph at lines 75--78
[]\OT1/cmr/m/n/10.95 Farquhar, G. D., S. Caem-merer, and J. A. Berry, 1980: A b
io-chem-i-cal model
 []

! Extra }, or forgotten \endgroup.
l.107 }
       
I've deleted a group-closing symbol because it seems to be
spurious, as in `$x}$'. But perhaps the } is legitimate and
you forgot something else, as in `\hbox{$x}'. In such cases
the way to recover is to insert both the forgotten and the
deleted material, e.g., by typing `I$}'.

[27]
! Extra }, or forgotten \endgroup.
l.140 }
       
I've deleted a group-closing symbol because it seems to be
spurious, as in `$x}$'. But perhaps the } is legitimate and
you forgot something else, as in `\hbox{$x}'. In such cases
the way to recover is to insert both the forgotten and the
deleted material, e.g., by typing `I$}'.

! Extra }, or forgotten \endgroup.
l.145 }
       
I've deleted a group-closing symbol because it seems to be
spurious, as in `$x}$'. But perhaps the } is legitimate and
you forgot something else, as in `\hbox{$x}'. In such cases
the way to recover is to insert both the forgotten and the
deleted material, e.g., by typing `I$}'.

! Extra }, or forgotten \endgroup.
l.176 }
       
I've deleted a group-closing symbol because it seems to be
spurious, as in `$x}$'. But perhaps the } is legitimate and
you forgot something else, as in `\hbox{$x}'. In such cases
the way to recover is to insert both the forgotten and the
deleted material, e.g., by typing `I$}'.

! Extra }, or forgotten \endgroup.
l.181 }
       
I've deleted a group-closing symbol because it seems to be
spurious, as in `$x}$'. But perhaps the } is legitimate and
you forgot something else, as in `\hbox{$x}'. In such cases
the way to recover is to insert both the forgotten and the
deleted material, e.g., by typing `I$}'.

[28]
Missing character: There is no Â in font cmr10!
Missing character: There is no © in font cmr10!
Missing character: There is no â in font cmr10!
Missing character: There is no € in font cmr10!
Missing character: There is no “ in font cmr10!

! Extra }, or forgotten \endgroup.
l.194 }
       
I've deleted a group-closing symbol because it seems to be
spurious, as in `$x}$'. But perhaps the } is legitimate and
you forgot something else, as in `\hbox{$x}'. In such cases
the way to recover is to insert both the forgotten and the
deleted material, e.g., by typing `I$}'.

) [29] (./ch5_v4.aux) ) 
Here is how much of TeX's memory you used:
 6048 strings out of 94500
 92325 string characters out of 1176766
 149551 words of memory out of 1000000
 8911 multiletter control sequences out of 10000+50000
 20082 words of font info for 74 fonts, out of 500000 for 2000
 580 hyphenation exceptions out of 1000
 41i,17n,43p,1715b,428s stack positions out of 1500i,500n,5000p,200000b,5000s
PDF statistics:
 497 PDF objects out of 300000
 121 named destinations out of 131072
 296 words of extra memory for PDF output out of 65536
</usr/share/texmf/fonts/type1/bluesky/cm/cmmi9.pfb></usr
/share/texmf/fonts/type1/bluesky/symbols/msam10.pfb></usr/share/texmf/fonts/typ
e1/bluesky/cm/cmtt10.pfb></usr/share/texmf/fonts/type1/bluesky/cm/cmsy10.pfb></
usr/share/texmf/fonts/type1/bluesky/cm/cmti10.pfb></usr/share/texmf/fonts/type1
/bluesky/cm/cmsy6.pfb></usr/share/texmf/fonts/type1/bluesky/cm/cmr6.pfb></usr/s
hare/texmf/fonts/type1/bluesky/cm/cmr9.pfb></usr/share/texmf/fonts/type1/bluesk
y/cm/cmsy8.pfb></usr/share/texmf/fonts/type1/bluesky/cm/cmmi10.pfb></usr/share/
texmf/fonts/type1/bluesky/cm/cmbx10.pfb> </var/lib/texmf/pk/ljfour/jknappen/tc/
tcrm1095.600pk></usr/share/texmf/fonts/type1/bluesky/cm/cmmi8.pfb></usr/share/t
exmf/fonts/type1/bluesky/cm/cmr10.pfb></usr/share/texmf/fonts/type1/bluesky/cm/
cmbx12.pfb></usr/share/texmf/fonts/type1/bluesky/cm/cmr8.pfb></usr/share/texmf/
fonts/type1/bluesky/cm/cmr12.pfb>
Output written on ch5_v4.pdf (30 pages, 27919695 bytes).
